2020-03-24 16:37:42.794  INFO 4464 --- [restartedMain] ServicethreeApplication                  : Starting ServicethreeApplication on NT-04727 with PID 4464 (C:\pocRabbitMQ\servicethree\target\classes started by carlos.lopes in C:\pocRabbitMQ)
2020-03-24 16:37:42.799  INFO 4464 --- [restartedMain] ServicethreeApplication                  : No active profile set, falling back to default profiles: default
2020-03-24 16:37:42.917  INFO 4464 --- [restartedMain] .e.DevToolsPropertyDefaultsPostProcessor : Devtools property defaults active! Set 'spring.devtools.add-properties' to 'false' to disable
2020-03-24 16:37:42.919  INFO 4464 --- [restartedMain] .e.DevToolsPropertyDefaultsPostProcessor : For additional web related logging consider setting the 'logging.level.web' property to 'DEBUG'
2020-03-24 16:37:43.711  INFO 4464 --- [restartedMain] .s.d.r.c.RepositoryConfigurationDelegate : Bootstrapping Spring Data MongoDB repositories in DEFAULT mode.
2020-03-24 16:37:43.915  INFO 4464 --- [restartedMain] .s.d.r.c.RepositoryConfigurationDelegate : Finished Spring Data repository scanning in 193ms. Found 1 MongoDB repository interfaces.
2020-03-24 16:37:44.161  INFO 4464 --- [restartedMain] .s.d.r.c.RepositoryConfigurationDelegate : Bootstrapping Spring Data Reactive MongoDB repositories in DEFAULT mode.
2020-03-24 16:37:44.174  WARN 4464 --- [restartedMain] o.s.b.a.AutoConfigurationPackages        : @EnableAutoConfiguration was declared on a class in the default package. Automatic @Repository and @Entity scanning is not enabled.
2020-03-24 16:37:44.174  INFO 4464 --- [restartedMain] .s.d.r.c.RepositoryConfigurationDelegate : Finished Spring Data repository scanning in 13ms. Found 0 Reactive MongoDB repository interfaces.
2020-03-24 16:37:45.443  INFO 4464 --- [restartedMain] o.s.b.w.embedded.tomcat.TomcatWebServer  : Tomcat initialized with port(s): 8083 (http)
2020-03-24 16:37:45.505  INFO 4464 --- [restartedMain] o.apache.catalina.core.StandardService   : Starting service [Tomcat]
2020-03-24 16:37:45.505  INFO 4464 --- [restartedMain] org.apache.catalina.core.StandardEngine  : Starting Servlet engine: [Apache Tomcat/9.0.31]
2020-03-24 16:37:45.620  INFO 4464 --- [restartedMain] o.a.c.c.C.[Tomcat].[localhost].[/]       : Initializing Spring embedded WebApplicationContext
2020-03-24 16:37:45.620  INFO 4464 --- [restartedMain] o.s.web.context.ContextLoader            : Root WebApplicationContext: initialization completed in 2700 ms
2020-03-24 16:37:45.718  WARN 4464 --- [restartedMain] ConfigServletWebServerApplicationContext : Exception encountered during context initialization - cancelling refresh attempt: org.springframework.beans.factory.UnsatisfiedDependencyException: Error creating bean with name 'servicethreeApplication': Unsatisfied dependency expressed through constructor parameter 0; nested exception is org.springframework.beans.factory.NoSuchBeanDefinitionException: No qualifying bean of type 'core.servicethree.ServiceThree' available: expected at least 1 bean which qualifies as autowire candidate. Dependency annotations: {}
2020-03-24 16:37:45.721  INFO 4464 --- [restartedMain] o.apache.catalina.core.StandardService   : Stopping service [Tomcat]
2020-03-24 16:37:45.734  INFO 4464 --- [restartedMain] ConditionEvaluationReportLoggingListener : 

Error starting ApplicationContext. To display the conditions report re-run your application with 'debug' enabled.
2020-03-24 16:37:45.845 ERROR 4464 --- [restartedMain] o.s.b.d.LoggingFailureAnalysisReporter   : 

***************************
APPLICATION FAILED TO START
***************************

Description:

Parameter 0 of constructor in ServicethreeApplication required a bean of type 'core.servicethree.ServiceThree' that could not be found.


Action:

Consider defining a bean of type 'core.servicethree.ServiceThree' in your configuration.

2020-03-24 16:38:55.750  INFO 13240 --- [restartedMain] ServicethreeApplication                  : Starting ServicethreeApplication on NT-04727 with PID 13240 (C:\pocRabbitMQ\servicethree\target\classes started by carlos.lopes in C:\pocRabbitMQ)
2020-03-24 16:38:55.754  INFO 13240 --- [restartedMain] ServicethreeApplication                  : No active profile set, falling back to default profiles: default
2020-03-24 16:38:55.845  INFO 13240 --- [restartedMain] .e.DevToolsPropertyDefaultsPostProcessor : Devtools property defaults active! Set 'spring.devtools.add-properties' to 'false' to disable
2020-03-24 16:38:55.845  INFO 13240 --- [restartedMain] .e.DevToolsPropertyDefaultsPostProcessor : For additional web related logging consider setting the 'logging.level.web' property to 'DEBUG'
2020-03-24 16:38:56.570  INFO 13240 --- [restartedMain] .s.d.r.c.RepositoryConfigurationDelegate : Bootstrapping Spring Data MongoDB repositories in DEFAULT mode.
2020-03-24 16:38:56.727  INFO 13240 --- [restartedMain] .s.d.r.c.RepositoryConfigurationDelegate : Finished Spring Data repository scanning in 150ms. Found 1 MongoDB repository interfaces.
2020-03-24 16:38:56.895  INFO 13240 --- [restartedMain] .s.d.r.c.RepositoryConfigurationDelegate : Bootstrapping Spring Data Reactive MongoDB repositories in DEFAULT mode.
2020-03-24 16:38:56.902  WARN 13240 --- [restartedMain] o.s.b.a.AutoConfigurationPackages        : @EnableAutoConfiguration was declared on a class in the default package. Automatic @Repository and @Entity scanning is not enabled.
2020-03-24 16:38:56.902  INFO 13240 --- [restartedMain] .s.d.r.c.RepositoryConfigurationDelegate : Finished Spring Data repository scanning in 6ms. Found 0 Reactive MongoDB repository interfaces.
2020-03-24 16:38:57.875  INFO 13240 --- [restartedMain] o.s.b.w.embedded.tomcat.TomcatWebServer  : Tomcat initialized with port(s): 8083 (http)
2020-03-24 16:38:57.927  INFO 13240 --- [restartedMain] o.apache.catalina.core.StandardService   : Starting service [Tomcat]
2020-03-24 16:38:57.928  INFO 13240 --- [restartedMain] org.apache.catalina.core.StandardEngine  : Starting Servlet engine: [Apache Tomcat/9.0.31]
2020-03-24 16:38:58.024  INFO 13240 --- [restartedMain] o.a.c.c.C.[Tomcat].[localhost].[/]       : Initializing Spring embedded WebApplicationContext
2020-03-24 16:38:58.024  INFO 13240 --- [restartedMain] o.s.web.context.ContextLoader            : Root WebApplicationContext: initialization completed in 2179 ms
2020-03-24 16:38:58.118  WARN 13240 --- [restartedMain] ConfigServletWebServerApplicationContext : Exception encountered during context initialization - cancelling refresh attempt: org.springframework.beans.factory.UnsatisfiedDependencyException: Error creating bean with name 'servicethreeApplication': Unsatisfied dependency expressed through constructor parameter 0; nested exception is org.springframework.beans.factory.NoSuchBeanDefinitionException: No qualifying bean of type 'core.servicethree.ServiceThree' available: expected at least 1 bean which qualifies as autowire candidate. Dependency annotations: {}
2020-03-24 16:38:58.121  INFO 13240 --- [restartedMain] o.apache.catalina.core.StandardService   : Stopping service [Tomcat]
2020-03-24 16:38:58.131  INFO 13240 --- [restartedMain] ConditionEvaluationReportLoggingListener : 

Error starting ApplicationContext. To display the conditions report re-run your application with 'debug' enabled.
2020-03-24 16:38:58.222 ERROR 13240 --- [restartedMain] o.s.b.d.LoggingFailureAnalysisReporter   : 

***************************
APPLICATION FAILED TO START
***************************

Description:

Parameter 0 of constructor in ServicethreeApplication required a bean of type 'core.servicethree.ServiceThree' that could not be found.


Action:

Consider defining a bean of type 'core.servicethree.ServiceThree' in your configuration.

2020-03-24 16:39:31.959  INFO 6844 --- [restartedMain] ServicethreeApplication                  : Starting ServicethreeApplication on NT-04727 with PID 6844 (C:\pocRabbitMQ\servicethree\target\classes started by carlos.lopes in C:\pocRabbitMQ)
2020-03-24 16:39:31.964  INFO 6844 --- [restartedMain] ServicethreeApplication                  : No active profile set, falling back to default profiles: default
2020-03-24 16:39:32.058  INFO 6844 --- [restartedMain] .e.DevToolsPropertyDefaultsPostProcessor : Devtools property defaults active! Set 'spring.devtools.add-properties' to 'false' to disable
2020-03-24 16:39:32.058  INFO 6844 --- [restartedMain] .e.DevToolsPropertyDefaultsPostProcessor : For additional web related logging consider setting the 'logging.level.web' property to 'DEBUG'
2020-03-24 16:39:32.764  INFO 6844 --- [restartedMain] .s.d.r.c.RepositoryConfigurationDelegate : Bootstrapping Spring Data MongoDB repositories in DEFAULT mode.
2020-03-24 16:39:32.914  INFO 6844 --- [restartedMain] .s.d.r.c.RepositoryConfigurationDelegate : Finished Spring Data repository scanning in 143ms. Found 1 MongoDB repository interfaces.
2020-03-24 16:39:33.101  INFO 6844 --- [restartedMain] .s.d.r.c.RepositoryConfigurationDelegate : Bootstrapping Spring Data Reactive MongoDB repositories in DEFAULT mode.
2020-03-24 16:39:33.110  WARN 6844 --- [restartedMain] o.s.b.a.AutoConfigurationPackages        : @EnableAutoConfiguration was declared on a class in the default package. Automatic @Repository and @Entity scanning is not enabled.
2020-03-24 16:39:33.110  INFO 6844 --- [restartedMain] .s.d.r.c.RepositoryConfigurationDelegate : Finished Spring Data repository scanning in 8ms. Found 0 Reactive MongoDB repository interfaces.
2020-03-24 16:39:34.106  INFO 6844 --- [restartedMain] o.s.b.w.embedded.tomcat.TomcatWebServer  : Tomcat initialized with port(s): 8083 (http)
2020-03-24 16:39:34.162  INFO 6844 --- [restartedMain] o.apache.catalina.core.StandardService   : Starting service [Tomcat]
2020-03-24 16:39:34.162  INFO 6844 --- [restartedMain] org.apache.catalina.core.StandardEngine  : Starting Servlet engine: [Apache Tomcat/9.0.31]
2020-03-24 16:39:34.255  INFO 6844 --- [restartedMain] o.a.c.c.C.[Tomcat].[localhost].[/]       : Initializing Spring embedded WebApplicationContext
2020-03-24 16:39:34.255  INFO 6844 --- [restartedMain] o.s.web.context.ContextLoader            : Root WebApplicationContext: initialization completed in 2196 ms
2020-03-24 16:39:36.816  INFO 6844 --- [restartedMain] org.mongodb.driver.cluster               : Cluster created with settings {hosts=[127.0.0.1:27017], srvHost=cluster0-tojxh.mongodb.net, mode=MULTIPLE, requiredClusterType=REPLICA_SET, serverSelectionTimeout='30000 ms', maxWaitQueueSize=500, requiredReplicaSetName='Cluster0-shard-0'}
2020-03-24 16:39:37.082  WARN 6844 --- [restartedMain] o.s.b.d.a.OptionalLiveReloadServer       : Unable to start LiveReload server
2020-03-24 16:39:37.787  INFO 6844 --- [restartedMain] o.s.s.concurrent.ThreadPoolTaskExecutor  : Initializing ExecutorService 'applicationTaskExecutor'
2020-03-24 16:39:38.847  INFO 6844 --- [cluster-ClusterId{value='5e7a61f8f02f6a5d37410ec4', description='null'}-srv-cluster0-tojxh.mongodb.net] org.mongodb.driver.cluster               : Adding discovered server cluster0-shard-00-01-tojxh.mongodb.net:27017 to client view of cluster
2020-03-24 16:39:38.877  INFO 6844 --- [cluster-ClusterId{value='5e7a61f8f02f6a5d37410ec4', description='null'}-srv-cluster0-tojxh.mongodb.net] org.mongodb.driver.cluster               : Adding discovered server cluster0-shard-00-02-tojxh.mongodb.net:27017 to client view of cluster
2020-03-24 16:39:38.877  INFO 6844 --- [cluster-ClusterId{value='5e7a61f8f02f6a5d37410ec4', description='null'}-srv-cluster0-tojxh.mongodb.net] org.mongodb.driver.cluster               : Adding discovered server cluster0-shard-00-00-tojxh.mongodb.net:27017 to client view of cluster
2020-03-24 16:39:39.957  INFO 6844 --- [cluster-ClusterId{value='5e7a61f8f02f6a5d37410ec4', description='null'}-cluster0-shard-00-00-tojxh.mongodb.net:27017] org.mongodb.driver.connection            : Opened connection [connectionId{localValue:1, serverValue:93257}] to cluster0-shard-00-00-tojxh.mongodb.net:27017
2020-03-24 16:39:39.965  INFO 6844 --- [cluster-ClusterId{value='5e7a61f8f02f6a5d37410ec4', description='null'}-cluster0-shard-00-01-tojxh.mongodb.net:27017] org.mongodb.driver.connection            : Opened connection [connectionId{localValue:3, serverValue:92718}] to cluster0-shard-00-01-tojxh.mongodb.net:27017
2020-03-24 16:39:39.997  INFO 6844 --- [cluster-ClusterId{value='5e7a61f8f02f6a5d37410ec4', description='null'}-cluster0-shard-00-02-tojxh.mongodb.net:27017] org.mongodb.driver.connection            : Opened connection [connectionId{localValue:2, serverValue:98195}] to cluster0-shard-00-02-tojxh.mongodb.net:27017
2020-03-24 16:39:40.100  INFO 6844 --- [restartedMain] org.mongodb.driver.cluster               : Cluster created with settings {hosts=[127.0.0.1:27017], srvHost=cluster0-tojxh.mongodb.net, mode=MULTIPLE, requiredClusterType=REPLICA_SET, serverSelectionTimeout='30000 ms', maxWaitQueueSize=500, requiredReplicaSetName='Cluster0-shard-0'}
2020-03-24 16:39:40.143  INFO 6844 --- [cluster-ClusterId{value='5e7a61f8f02f6a5d37410ec4', description='null'}-cluster0-shard-00-00-tojxh.mongodb.net:27017] org.mongodb.driver.cluster               : Monitor thread successfully connected to server with description ServerDescription{address=cluster0-shard-00-00-tojxh.mongodb.net:27017, type=REPLICA_SET_SECONDARY, state=CONNECTED, ok=true, version=ServerVersion{versionList=[4, 2, 3]}, minWireVersion=0, maxWireVersion=8, maxDocumentSize=16777216, logicalSessionTimeoutMinutes=30, roundTripTimeNanos=183640100, setName='Cluster0-shard-0', canonicalAddress=cluster0-shard-00-00-tojxh.mongodb.net:27017, hosts=[cluster0-shard-00-00-tojxh.mongodb.net:27017, cluster0-shard-00-01-tojxh.mongodb.net:27017, cluster0-shard-00-02-tojxh.mongodb.net:27017], passives=[], arbiters=[], primary='cluster0-shard-00-02-tojxh.mongodb.net:27017', tagSet=TagSet{[Tag{name='nodeType', value='ELECTABLE'}, Tag{name='provider', value='AWS'}, Tag{name='region', value='US_EAST_1'}]}, electionId=null, setVersion=2, lastWriteDate=Tue Mar 24 16:39:34 BRT 2020, lastUpdateTimeNanos=955388971964000}
2020-03-24 16:39:40.143  INFO 6844 --- [cluster-ClusterId{value='5e7a61f8f02f6a5d37410ec4', description='null'}-cluster0-shard-00-01-tojxh.mongodb.net:27017] org.mongodb.driver.cluster               : Monitor thread successfully connected to server with description ServerDescription{address=cluster0-shard-00-01-tojxh.mongodb.net:27017, type=REPLICA_SET_SECONDARY, state=CONNECTED, ok=true, version=ServerVersion{versionList=[4, 2, 3]}, minWireVersion=0, maxWireVersion=8, maxDocumentSize=16777216, logicalSessionTimeoutMinutes=30, roundTripTimeNanos=177508800, setName='Cluster0-shard-0', canonicalAddress=cluster0-shard-00-01-tojxh.mongodb.net:27017, hosts=[cluster0-shard-00-00-tojxh.mongodb.net:27017, cluster0-shard-00-01-tojxh.mongodb.net:27017, cluster0-shard-00-02-tojxh.mongodb.net:27017], passives=[], arbiters=[], primary='cluster0-shard-00-02-tojxh.mongodb.net:27017', tagSet=TagSet{[Tag{name='nodeType', value='ELECTABLE'}, Tag{name='provider', value='AWS'}, Tag{name='region', value='US_EAST_1'}]}, electionId=null, setVersion=2, lastWriteDate=Tue Mar 24 16:39:34 BRT 2020, lastUpdateTimeNanos=955388973076700}
2020-03-24 16:39:40.179  INFO 6844 --- [cluster-ClusterId{value='5e7a61f8f02f6a5d37410ec4', description='null'}-cluster0-shard-00-02-tojxh.mongodb.net:27017] org.mongodb.driver.cluster               : Monitor thread successfully connected to server with description ServerDescription{address=cluster0-shard-00-02-tojxh.mongodb.net:27017, type=REPLICA_SET_PRIMARY, state=CONNECTED, ok=true, version=ServerVersion{versionList=[4, 2, 3]}, minWireVersion=0, maxWireVersion=8, maxDocumentSize=16777216, logicalSessionTimeoutMinutes=30, roundTripTimeNanos=181623000, setName='Cluster0-shard-0', canonicalAddress=cluster0-shard-00-02-tojxh.mongodb.net:27017, hosts=[cluster0-shard-00-00-tojxh.mongodb.net:27017, cluster0-shard-00-01-tojxh.mongodb.net:27017, cluster0-shard-00-02-tojxh.mongodb.net:27017], passives=[], arbiters=[], primary='cluster0-shard-00-02-tojxh.mongodb.net:27017', tagSet=TagSet{[Tag{name='nodeType', value='ELECTABLE'}, Tag{name='provider', value='AWS'}, Tag{name='region', value='US_EAST_1'}]}, electionId=7fffffff0000000000000002, setVersion=2, lastWriteDate=Tue Mar 24 16:39:34 BRT 2020, lastUpdateTimeNanos=955389008848800}
2020-03-24 16:39:40.179  INFO 6844 --- [cluster-ClusterId{value='5e7a61f8f02f6a5d37410ec4', description='null'}-cluster0-shard-00-02-tojxh.mongodb.net:27017] org.mongodb.driver.cluster               : Setting max election id to 7fffffff0000000000000002 from replica set primary cluster0-shard-00-02-tojxh.mongodb.net:27017
2020-03-24 16:39:40.180  INFO 6844 --- [cluster-ClusterId{value='5e7a61f8f02f6a5d37410ec4', description='null'}-cluster0-shard-00-02-tojxh.mongodb.net:27017] org.mongodb.driver.cluster               : Setting max set version to 2 from replica set primary cluster0-shard-00-02-tojxh.mongodb.net:27017
2020-03-24 16:39:40.180  INFO 6844 --- [cluster-ClusterId{value='5e7a61f8f02f6a5d37410ec4', description='null'}-cluster0-shard-00-02-tojxh.mongodb.net:27017] org.mongodb.driver.cluster               : Discovered replica set primary cluster0-shard-00-02-tojxh.mongodb.net:27017
2020-03-24 16:39:40.370  INFO 6844 --- [restartedMain] o.s.b.w.embedded.tomcat.TomcatWebServer  : Tomcat started on port(s): 8083 (http) with context path ''
2020-03-24 16:39:40.373  INFO 6844 --- [restartedMain] ServicethreeApplication                  : Started ServicethreeApplication in 8.893 seconds (JVM running for 9.509)
2020-03-24 16:39:40.376  INFO 6844 --- [restartedMain] ServicethreeApplication                  : ServiceThree Started!
2020-03-24 16:39:42.107  INFO 6844 --- [cluster-ClusterId{value='5e7a61fcf02f6a5d37410ec5', description='null'}-srv-cluster0-tojxh.mongodb.net] org.mongodb.driver.cluster               : Adding discovered server cluster0-shard-00-01-tojxh.mongodb.net:27017 to client view of cluster
2020-03-24 16:39:42.108  INFO 6844 --- [cluster-ClusterId{value='5e7a61fcf02f6a5d37410ec5', description='null'}-srv-cluster0-tojxh.mongodb.net] org.mongodb.driver.cluster               : Adding discovered server cluster0-shard-00-02-tojxh.mongodb.net:27017 to client view of cluster
2020-03-24 16:39:42.109  INFO 6844 --- [cluster-ClusterId{value='5e7a61fcf02f6a5d37410ec5', description='null'}-srv-cluster0-tojxh.mongodb.net] org.mongodb.driver.cluster               : Adding discovered server cluster0-shard-00-00-tojxh.mongodb.net:27017 to client view of cluster
2020-03-24 16:39:42.973  INFO 6844 --- [cluster-ClusterId{value='5e7a61fcf02f6a5d37410ec5', description='null'}-cluster0-shard-00-02-tojxh.mongodb.net:27017] org.mongodb.driver.connection            : Opened connection [connectionId{localValue:5, serverValue:85355}] to cluster0-shard-00-02-tojxh.mongodb.net:27017
2020-03-24 16:39:43.095  INFO 6844 --- [cluster-ClusterId{value='5e7a61fcf02f6a5d37410ec5', description='null'}-cluster0-shard-00-01-tojxh.mongodb.net:27017] org.mongodb.driver.connection            : Opened connection [connectionId{localValue:4, serverValue:92718}] to cluster0-shard-00-01-tojxh.mongodb.net:27017
2020-03-24 16:39:43.099  INFO 6844 --- [cluster-ClusterId{value='5e7a61fcf02f6a5d37410ec5', description='null'}-cluster0-shard-00-00-tojxh.mongodb.net:27017] org.mongodb.driver.connection            : Opened connection [connectionId{localValue:6, serverValue:93257}] to cluster0-shard-00-00-tojxh.mongodb.net:27017
2020-03-24 16:39:43.131  INFO 6844 --- [cluster-ClusterId{value='5e7a61fcf02f6a5d37410ec5', description='null'}-cluster0-shard-00-02-tojxh.mongodb.net:27017] org.mongodb.driver.cluster               : Monitor thread successfully connected to server with description ServerDescription{address=cluster0-shard-00-02-tojxh.mongodb.net:27017, type=REPLICA_SET_PRIMARY, state=CONNECTED, ok=true, version=ServerVersion{versionList=[4, 2, 3]}, minWireVersion=0, maxWireVersion=8, maxDocumentSize=16777216, logicalSessionTimeoutMinutes=30, roundTripTimeNanos=157122900, setName='Cluster0-shard-0', canonicalAddress=cluster0-shard-00-02-tojxh.mongodb.net:27017, hosts=[cluster0-shard-00-00-tojxh.mongodb.net:27017, cluster0-shard-00-01-tojxh.mongodb.net:27017, cluster0-shard-00-02-tojxh.mongodb.net:27017], passives=[], arbiters=[], primary='cluster0-shard-00-02-tojxh.mongodb.net:27017', tagSet=TagSet{[Tag{name='nodeType', value='ELECTABLE'}, Tag{name='provider', value='AWS'}, Tag{name='region', value='US_EAST_1'}]}, electionId=7fffffff0000000000000002, setVersion=2, lastWriteDate=Tue Mar 24 16:39:34 BRT 2020, lastUpdateTimeNanos=955391960277800}
2020-03-24 16:39:43.133  INFO 6844 --- [cluster-ClusterId{value='5e7a61fcf02f6a5d37410ec5', description='null'}-cluster0-shard-00-02-tojxh.mongodb.net:27017] org.mongodb.driver.cluster               : Setting max election id to 7fffffff0000000000000002 from replica set primary cluster0-shard-00-02-tojxh.mongodb.net:27017
2020-03-24 16:39:43.133  INFO 6844 --- [cluster-ClusterId{value='5e7a61fcf02f6a5d37410ec5', description='null'}-cluster0-shard-00-02-tojxh.mongodb.net:27017] org.mongodb.driver.cluster               : Setting max set version to 2 from replica set primary cluster0-shard-00-02-tojxh.mongodb.net:27017
2020-03-24 16:39:43.133  INFO 6844 --- [cluster-ClusterId{value='5e7a61fcf02f6a5d37410ec5', description='null'}-cluster0-shard-00-02-tojxh.mongodb.net:27017] org.mongodb.driver.cluster               : Discovered replica set primary cluster0-shard-00-02-tojxh.mongodb.net:27017
2020-03-24 16:39:43.284  INFO 6844 --- [cluster-ClusterId{value='5e7a61fcf02f6a5d37410ec5', description='null'}-cluster0-shard-00-01-tojxh.mongodb.net:27017] org.mongodb.driver.cluster               : Monitor thread successfully connected to server with description ServerDescription{address=cluster0-shard-00-01-tojxh.mongodb.net:27017, type=REPLICA_SET_SECONDARY, state=CONNECTED, ok=true, version=ServerVersion{versionList=[4, 2, 3]}, minWireVersion=0, maxWireVersion=8, maxDocumentSize=16777216, logicalSessionTimeoutMinutes=30, roundTripTimeNanos=188143600, setName='Cluster0-shard-0', canonicalAddress=cluster0-shard-00-01-tojxh.mongodb.net:27017, hosts=[cluster0-shard-00-00-tojxh.mongodb.net:27017, cluster0-shard-00-01-tojxh.mongodb.net:27017, cluster0-shard-00-02-tojxh.mongodb.net:27017], passives=[], arbiters=[], primary='cluster0-shard-00-02-tojxh.mongodb.net:27017', tagSet=TagSet{[Tag{name='nodeType', value='ELECTABLE'}, Tag{name='provider', value='AWS'}, Tag{name='region', value='US_EAST_1'}]}, electionId=null, setVersion=2, lastWriteDate=Tue Mar 24 16:39:34 BRT 2020, lastUpdateTimeNanos=955392114124100}
2020-03-24 16:39:43.293  INFO 6844 --- [cluster-ClusterId{value='5e7a61fcf02f6a5d37410ec5', description='null'}-cluster0-shard-00-00-tojxh.mongodb.net:27017] org.mongodb.driver.cluster               : Monitor thread successfully connected to server with description ServerDescription{address=cluster0-shard-00-00-tojxh.mongodb.net:27017, type=REPLICA_SET_SECONDARY, state=CONNECTED, ok=true, version=ServerVersion{versionList=[4, 2, 3]}, minWireVersion=0, maxWireVersion=8, maxDocumentSize=16777216, logicalSessionTimeoutMinutes=30, roundTripTimeNanos=192450900, setName='Cluster0-shard-0', canonicalAddress=cluster0-shard-00-00-tojxh.mongodb.net:27017, hosts=[cluster0-shard-00-00-tojxh.mongodb.net:27017, cluster0-shard-00-01-tojxh.mongodb.net:27017, cluster0-shard-00-02-tojxh.mongodb.net:27017], passives=[], arbiters=[], primary='cluster0-shard-00-02-tojxh.mongodb.net:27017', tagSet=TagSet{[Tag{name='nodeType', value='ELECTABLE'}, Tag{name='provider', value='AWS'}, Tag{name='region', value='US_EAST_1'}]}, electionId=null, setVersion=2, lastWriteDate=Tue Mar 24 16:39:34 BRT 2020, lastUpdateTimeNanos=955392122589800}
2020-03-24 16:40:08.861  INFO 6844 --- [SpringContextShutdownHook] o.s.s.concurrent.ThreadPoolTaskExecutor  : Shutting down ExecutorService 'applicationTaskExecutor'
2020-03-24 16:40:12.498  INFO 5456 --- [restartedMain] ServicethreeApplication                  : Starting ServicethreeApplication on NT-04727 with PID 5456 (C:\pocRabbitMQ\servicethree\target\classes started by carlos.lopes in C:\pocRabbitMQ)
2020-03-24 16:40:12.502  INFO 5456 --- [restartedMain] ServicethreeApplication                  : No active profile set, falling back to default profiles: default
2020-03-24 16:40:12.594  INFO 5456 --- [restartedMain] .e.DevToolsPropertyDefaultsPostProcessor : Devtools property defaults active! Set 'spring.devtools.add-properties' to 'false' to disable
2020-03-24 16:40:12.595  INFO 5456 --- [restartedMain] .e.DevToolsPropertyDefaultsPostProcessor : For additional web related logging consider setting the 'logging.level.web' property to 'DEBUG'
2020-03-24 16:40:13.293  INFO 5456 --- [restartedMain] .s.d.r.c.RepositoryConfigurationDelegate : Bootstrapping Spring Data MongoDB repositories in DEFAULT mode.
2020-03-24 16:40:13.447  INFO 5456 --- [restartedMain] .s.d.r.c.RepositoryConfigurationDelegate : Finished Spring Data repository scanning in 147ms. Found 1 MongoDB repository interfaces.
2020-03-24 16:40:13.628  INFO 5456 --- [restartedMain] .s.d.r.c.RepositoryConfigurationDelegate : Bootstrapping Spring Data Reactive MongoDB repositories in DEFAULT mode.
2020-03-24 16:40:13.637  WARN 5456 --- [restartedMain] o.s.b.a.AutoConfigurationPackages        : @EnableAutoConfiguration was declared on a class in the default package. Automatic @Repository and @Entity scanning is not enabled.
2020-03-24 16:40:13.637  INFO 5456 --- [restartedMain] .s.d.r.c.RepositoryConfigurationDelegate : Finished Spring Data repository scanning in 8ms. Found 0 Reactive MongoDB repository interfaces.
2020-03-24 16:40:14.646  INFO 5456 --- [restartedMain] o.s.b.w.embedded.tomcat.TomcatWebServer  : Tomcat initialized with port(s): 8083 (http)
2020-03-24 16:40:14.661  INFO 5456 --- [restartedMain] o.apache.catalina.core.StandardService   : Starting service [Tomcat]
2020-03-24 16:40:14.662  INFO 5456 --- [restartedMain] org.apache.catalina.core.StandardEngine  : Starting Servlet engine: [Apache Tomcat/9.0.31]
2020-03-24 16:40:14.800  INFO 5456 --- [restartedMain] o.a.c.c.C.[Tomcat].[localhost].[/]       : Initializing Spring embedded WebApplicationContext
2020-03-24 16:40:14.801  INFO 5456 --- [restartedMain] o.s.web.context.ContextLoader            : Root WebApplicationContext: initialization completed in 2206 ms
2020-03-24 16:40:17.342  INFO 5456 --- [restartedMain] org.mongodb.driver.cluster               : Cluster created with settings {hosts=[127.0.0.1:27017], srvHost=cluster0-tojxh.mongodb.net, mode=MULTIPLE, requiredClusterType=REPLICA_SET, serverSelectionTimeout='30000 ms', maxWaitQueueSize=500, requiredReplicaSetName='Cluster0-shard-0'}
2020-03-24 16:40:17.596  WARN 5456 --- [restartedMain] o.s.b.d.a.OptionalLiveReloadServer       : Unable to start LiveReload server
2020-03-24 16:40:18.296  INFO 5456 --- [restartedMain] o.s.s.concurrent.ThreadPoolTaskExecutor  : Initializing ExecutorService 'applicationTaskExecutor'
2020-03-24 16:40:19.349  INFO 5456 --- [cluster-ClusterId{value='5e7a62216505606d42b959c0', description='null'}-srv-cluster0-tojxh.mongodb.net] org.mongodb.driver.cluster               : Adding discovered server cluster0-shard-00-01-tojxh.mongodb.net:27017 to client view of cluster
2020-03-24 16:40:19.378  INFO 5456 --- [cluster-ClusterId{value='5e7a62216505606d42b959c0', description='null'}-srv-cluster0-tojxh.mongodb.net] org.mongodb.driver.cluster               : Adding discovered server cluster0-shard-00-02-tojxh.mongodb.net:27017 to client view of cluster
2020-03-24 16:40:19.379  INFO 5456 --- [cluster-ClusterId{value='5e7a62216505606d42b959c0', description='null'}-srv-cluster0-tojxh.mongodb.net] org.mongodb.driver.cluster               : Adding discovered server cluster0-shard-00-00-tojxh.mongodb.net:27017 to client view of cluster
2020-03-24 16:40:20.364  INFO 5456 --- [cluster-ClusterId{value='5e7a62216505606d42b959c0', description='null'}-cluster0-shard-00-00-tojxh.mongodb.net:27017] org.mongodb.driver.connection            : Opened connection [connectionId{localValue:1, serverValue:93291}] to cluster0-shard-00-00-tojxh.mongodb.net:27017
2020-03-24 16:40:20.366  INFO 5456 --- [cluster-ClusterId{value='5e7a62216505606d42b959c0', description='null'}-cluster0-shard-00-02-tojxh.mongodb.net:27017] org.mongodb.driver.connection            : Opened connection [connectionId{localValue:2, serverValue:85355}] to cluster0-shard-00-02-tojxh.mongodb.net:27017
2020-03-24 16:40:20.369  INFO 5456 --- [cluster-ClusterId{value='5e7a62216505606d42b959c0', description='null'}-cluster0-shard-00-01-tojxh.mongodb.net:27017] org.mongodb.driver.connection            : Opened connection [connectionId{localValue:3, serverValue:92718}] to cluster0-shard-00-01-tojxh.mongodb.net:27017
2020-03-24 16:40:20.512  INFO 5456 --- [cluster-ClusterId{value='5e7a62216505606d42b959c0', description='null'}-cluster0-shard-00-00-tojxh.mongodb.net:27017] org.mongodb.driver.cluster               : Monitor thread successfully connected to server with description ServerDescription{address=cluster0-shard-00-00-tojxh.mongodb.net:27017, type=REPLICA_SET_SECONDARY, state=CONNECTED, ok=true, version=ServerVersion{versionList=[4, 2, 3]}, minWireVersion=0, maxWireVersion=8, maxDocumentSize=16777216, logicalSessionTimeoutMinutes=30, roundTripTimeNanos=146402600, setName='Cluster0-shard-0', canonicalAddress=cluster0-shard-00-00-tojxh.mongodb.net:27017, hosts=[cluster0-shard-00-00-tojxh.mongodb.net:27017, cluster0-shard-00-01-tojxh.mongodb.net:27017, cluster0-shard-00-02-tojxh.mongodb.net:27017], passives=[], arbiters=[], primary='cluster0-shard-00-02-tojxh.mongodb.net:27017', tagSet=TagSet{[Tag{name='nodeType', value='ELECTABLE'}, Tag{name='provider', value='AWS'}, Tag{name='region', value='US_EAST_1'}]}, electionId=null, setVersion=2, lastWriteDate=Tue Mar 24 16:40:14 BRT 2020, lastUpdateTimeNanos=955429341011700}
2020-03-24 16:40:20.520  INFO 5456 --- [cluster-ClusterId{value='5e7a62216505606d42b959c0', description='null'}-cluster0-shard-00-02-tojxh.mongodb.net:27017] org.mongodb.driver.cluster               : Monitor thread successfully connected to server with description ServerDescription{address=cluster0-shard-00-02-tojxh.mongodb.net:27017, type=REPLICA_SET_PRIMARY, state=CONNECTED, ok=true, version=ServerVersion{versionList=[4, 2, 3]}, minWireVersion=0, maxWireVersion=8, maxDocumentSize=16777216, logicalSessionTimeoutMinutes=30, roundTripTimeNanos=153113400, setName='Cluster0-shard-0', canonicalAddress=cluster0-shard-00-02-tojxh.mongodb.net:27017, hosts=[cluster0-shard-00-00-tojxh.mongodb.net:27017, cluster0-shard-00-01-tojxh.mongodb.net:27017, cluster0-shard-00-02-tojxh.mongodb.net:27017], passives=[], arbiters=[], primary='cluster0-shard-00-02-tojxh.mongodb.net:27017', tagSet=TagSet{[Tag{name='nodeType', value='ELECTABLE'}, Tag{name='provider', value='AWS'}, Tag{name='region', value='US_EAST_1'}]}, electionId=7fffffff0000000000000002, setVersion=2, lastWriteDate=Tue Mar 24 16:40:14 BRT 2020, lastUpdateTimeNanos=955429349401100}
2020-03-24 16:40:20.520  INFO 5456 --- [cluster-ClusterId{value='5e7a62216505606d42b959c0', description='null'}-cluster0-shard-00-02-tojxh.mongodb.net:27017] org.mongodb.driver.cluster               : Setting max election id to 7fffffff0000000000000002 from replica set primary cluster0-shard-00-02-tojxh.mongodb.net:27017
2020-03-24 16:40:20.520  INFO 5456 --- [cluster-ClusterId{value='5e7a62216505606d42b959c0', description='null'}-cluster0-shard-00-02-tojxh.mongodb.net:27017] org.mongodb.driver.cluster               : Setting max set version to 2 from replica set primary cluster0-shard-00-02-tojxh.mongodb.net:27017
2020-03-24 16:40:20.520  INFO 5456 --- [cluster-ClusterId{value='5e7a62216505606d42b959c0', description='null'}-cluster0-shard-00-02-tojxh.mongodb.net:27017] org.mongodb.driver.cluster               : Discovered replica set primary cluster0-shard-00-02-tojxh.mongodb.net:27017
2020-03-24 16:40:20.522  INFO 5456 --- [cluster-ClusterId{value='5e7a62216505606d42b959c0', description='null'}-cluster0-shard-00-01-tojxh.mongodb.net:27017] org.mongodb.driver.cluster               : Monitor thread successfully connected to server with description ServerDescription{address=cluster0-shard-00-01-tojxh.mongodb.net:27017, type=REPLICA_SET_SECONDARY, state=CONNECTED, ok=true, version=ServerVersion{versionList=[4, 2, 3]}, minWireVersion=0, maxWireVersion=8, maxDocumentSize=16777216, logicalSessionTimeoutMinutes=30, roundTripTimeNanos=152879600, setName='Cluster0-shard-0', canonicalAddress=cluster0-shard-00-01-tojxh.mongodb.net:27017, hosts=[cluster0-shard-00-00-tojxh.mongodb.net:27017, cluster0-shard-00-01-tojxh.mongodb.net:27017, cluster0-shard-00-02-tojxh.mongodb.net:27017], passives=[], arbiters=[], primary='cluster0-shard-00-02-tojxh.mongodb.net:27017', tagSet=TagSet{[Tag{name='nodeType', value='ELECTABLE'}, Tag{name='provider', value='AWS'}, Tag{name='region', value='US_EAST_1'}]}, electionId=null, setVersion=2, lastWriteDate=Tue Mar 24 16:40:14 BRT 2020, lastUpdateTimeNanos=955429351405600}
2020-03-24 16:40:20.632  INFO 5456 --- [restartedMain] org.mongodb.driver.cluster               : Cluster created with settings {hosts=[127.0.0.1:27017], srvHost=cluster0-tojxh.mongodb.net, mode=MULTIPLE, requiredClusterType=REPLICA_SET, serverSelectionTimeout='30000 ms', maxWaitQueueSize=500, requiredReplicaSetName='Cluster0-shard-0'}
2020-03-24 16:40:20.879  INFO 5456 --- [restartedMain] o.s.b.w.embedded.tomcat.TomcatWebServer  : Tomcat started on port(s): 8083 (http) with context path ''
2020-03-24 16:40:20.882  INFO 5456 --- [restartedMain] ServicethreeApplication                  : Started ServicethreeApplication in 8.892 seconds (JVM running for 9.519)
2020-03-24 16:40:20.884  INFO 5456 --- [restartedMain] ServicethreeApplication                  : ServiceThree Started!
2020-03-24 16:40:25.262  INFO 5456 --- [cluster-ClusterId{value='5e7a62246505606d42b959c1', description='null'}-srv-cluster0-tojxh.mongodb.net] org.mongodb.driver.cluster               : Adding discovered server cluster0-shard-00-01-tojxh.mongodb.net:27017 to client view of cluster
2020-03-24 16:40:25.263  INFO 5456 --- [cluster-ClusterId{value='5e7a62246505606d42b959c1', description='null'}-srv-cluster0-tojxh.mongodb.net] org.mongodb.driver.cluster               : Adding discovered server cluster0-shard-00-02-tojxh.mongodb.net:27017 to client view of cluster
2020-03-24 16:40:25.264  INFO 5456 --- [cluster-ClusterId{value='5e7a62246505606d42b959c1', description='null'}-srv-cluster0-tojxh.mongodb.net] org.mongodb.driver.cluster               : Adding discovered server cluster0-shard-00-00-tojxh.mongodb.net:27017 to client view of cluster
2020-03-24 16:40:41.814  INFO 5456 --- [cluster-ClusterId{value='5e7a62246505606d42b959c1', description='null'}-cluster0-shard-00-02-tojxh.mongodb.net:27017] org.mongodb.driver.connection            : Opened connection [connectionId{localValue:5, serverValue:98196}] to cluster0-shard-00-02-tojxh.mongodb.net:27017
2020-03-24 16:40:41.814  INFO 5456 --- [cluster-ClusterId{value='5e7a62246505606d42b959c1', description='null'}-cluster0-shard-00-00-tojxh.mongodb.net:27017] org.mongodb.driver.connection            : Opened connection [connectionId{localValue:6, serverValue:93257}] to cluster0-shard-00-00-tojxh.mongodb.net:27017
2020-03-24 16:40:41.814  INFO 5456 --- [cluster-ClusterId{value='5e7a62246505606d42b959c1', description='null'}-cluster0-shard-00-01-tojxh.mongodb.net:27017] org.mongodb.driver.connection            : Opened connection [connectionId{localValue:4, serverValue:94881}] to cluster0-shard-00-01-tojxh.mongodb.net:27017
2020-03-24 16:40:42.139  INFO 5456 --- [cluster-ClusterId{value='5e7a62246505606d42b959c1', description='null'}-cluster0-shard-00-01-tojxh.mongodb.net:27017] org.mongodb.driver.cluster               : Monitor thread successfully connected to server with description ServerDescription{address=cluster0-shard-00-01-tojxh.mongodb.net:27017, type=REPLICA_SET_SECONDARY, state=CONNECTED, ok=true, version=ServerVersion{versionList=[4, 2, 3]}, minWireVersion=0, maxWireVersion=8, maxDocumentSize=16777216, logicalSessionTimeoutMinutes=30, roundTripTimeNanos=323515800, setName='Cluster0-shard-0', canonicalAddress=cluster0-shard-00-01-tojxh.mongodb.net:27017, hosts=[cluster0-shard-00-00-tojxh.mongodb.net:27017, cluster0-shard-00-01-tojxh.mongodb.net:27017, cluster0-shard-00-02-tojxh.mongodb.net:27017], passives=[], arbiters=[], primary='cluster0-shard-00-02-tojxh.mongodb.net:27017', tagSet=TagSet{[Tag{name='nodeType', value='ELECTABLE'}, Tag{name='provider', value='AWS'}, Tag{name='region', value='US_EAST_1'}]}, electionId=null, setVersion=2, lastWriteDate=Tue Mar 24 16:40:40 BRT 2020, lastUpdateTimeNanos=955450968782300}
2020-03-24 16:40:42.139  INFO 5456 --- [cluster-ClusterId{value='5e7a62246505606d42b959c1', description='null'}-cluster0-shard-00-00-tojxh.mongodb.net:27017] org.mongodb.driver.cluster               : Monitor thread successfully connected to server with description ServerDescription{address=cluster0-shard-00-00-tojxh.mongodb.net:27017, type=REPLICA_SET_SECONDARY, state=CONNECTED, ok=true, version=ServerVersion{versionList=[4, 2, 3]}, minWireVersion=0, maxWireVersion=8, maxDocumentSize=16777216, logicalSessionTimeoutMinutes=30, roundTripTimeNanos=323553500, setName='Cluster0-shard-0', canonicalAddress=cluster0-shard-00-00-tojxh.mongodb.net:27017, hosts=[cluster0-shard-00-00-tojxh.mongodb.net:27017, cluster0-shard-00-01-tojxh.mongodb.net:27017, cluster0-shard-00-02-tojxh.mongodb.net:27017], passives=[], arbiters=[], primary='cluster0-shard-00-02-tojxh.mongodb.net:27017', tagSet=TagSet{[Tag{name='nodeType', value='ELECTABLE'}, Tag{name='provider', value='AWS'}, Tag{name='region', value='US_EAST_1'}]}, electionId=null, setVersion=2, lastWriteDate=Tue Mar 24 16:40:40 BRT 2020, lastUpdateTimeNanos=955450968791500}
2020-03-24 16:40:42.139  INFO 5456 --- [cluster-ClusterId{value='5e7a62246505606d42b959c1', description='null'}-cluster0-shard-00-02-tojxh.mongodb.net:27017] org.mongodb.driver.cluster               : Monitor thread successfully connected to server with description ServerDescription{address=cluster0-shard-00-02-tojxh.mongodb.net:27017, type=REPLICA_SET_PRIMARY, state=CONNECTED, ok=true, version=ServerVersion{versionList=[4, 2, 3]}, minWireVersion=0, maxWireVersion=8, maxDocumentSize=16777216, logicalSessionTimeoutMinutes=30, roundTripTimeNanos=323622900, setName='Cluster0-shard-0', canonicalAddress=cluster0-shard-00-02-tojxh.mongodb.net:27017, hosts=[cluster0-shard-00-00-tojxh.mongodb.net:27017, cluster0-shard-00-01-tojxh.mongodb.net:27017, cluster0-shard-00-02-tojxh.mongodb.net:27017], passives=[], arbiters=[], primary='cluster0-shard-00-02-tojxh.mongodb.net:27017', tagSet=TagSet{[Tag{name='nodeType', value='ELECTABLE'}, Tag{name='provider', value='AWS'}, Tag{name='region', value='US_EAST_1'}]}, electionId=7fffffff0000000000000002, setVersion=2, lastWriteDate=Tue Mar 24 16:40:40 BRT 2020, lastUpdateTimeNanos=955450968784500}
2020-03-24 16:40:42.140  INFO 5456 --- [cluster-ClusterId{value='5e7a62246505606d42b959c1', description='null'}-cluster0-shard-00-02-tojxh.mongodb.net:27017] org.mongodb.driver.cluster               : Setting max election id to 7fffffff0000000000000002 from replica set primary cluster0-shard-00-02-tojxh.mongodb.net:27017
2020-03-24 16:40:42.422  INFO 5456 --- [cluster-ClusterId{value='5e7a62246505606d42b959c1', description='null'}-cluster0-shard-00-02-tojxh.mongodb.net:27017] org.mongodb.driver.cluster               : Setting max set version to 2 from replica set primary cluster0-shard-00-02-tojxh.mongodb.net:27017
2020-03-24 16:40:43.082  INFO 5456 --- [cluster-ClusterId{value='5e7a62246505606d42b959c1', description='null'}-cluster0-shard-00-02-tojxh.mongodb.net:27017] org.mongodb.driver.cluster               : Discovered replica set primary cluster0-shard-00-02-tojxh.mongodb.net:27017
2020-03-24 16:40:46.004  INFO 5456 --- [SpringContextShutdownHook] o.s.s.concurrent.ThreadPoolTaskExecutor  : Shutting down ExecutorService 'applicationTaskExecutor'
2020-03-24 16:40:51.142  INFO 5416 --- [restartedMain] ServicethreeApplication                  : Starting ServicethreeApplication on NT-04727 with PID 5416 (C:\pocRabbitMQ\servicethree\target\classes started by carlos.lopes in C:\pocRabbitMQ)
2020-03-24 16:40:51.145  INFO 5416 --- [restartedMain] ServicethreeApplication                  : No active profile set, falling back to default profiles: default
2020-03-24 16:40:51.241  INFO 5416 --- [restartedMain] .e.DevToolsPropertyDefaultsPostProcessor : Devtools property defaults active! Set 'spring.devtools.add-properties' to 'false' to disable
2020-03-24 16:40:51.241  INFO 5416 --- [restartedMain] .e.DevToolsPropertyDefaultsPostProcessor : For additional web related logging consider setting the 'logging.level.web' property to 'DEBUG'
2020-03-24 16:40:51.932  INFO 5416 --- [restartedMain] .s.d.r.c.RepositoryConfigurationDelegate : Bootstrapping Spring Data MongoDB repositories in DEFAULT mode.
2020-03-24 16:40:52.075  INFO 5416 --- [restartedMain] .s.d.r.c.RepositoryConfigurationDelegate : Finished Spring Data repository scanning in 137ms. Found 1 MongoDB repository interfaces.
2020-03-24 16:40:52.255  INFO 5416 --- [restartedMain] .s.d.r.c.RepositoryConfigurationDelegate : Bootstrapping Spring Data Reactive MongoDB repositories in DEFAULT mode.
2020-03-24 16:40:52.262  WARN 5416 --- [restartedMain] o.s.b.a.AutoConfigurationPackages        : @EnableAutoConfiguration was declared on a class in the default package. Automatic @Repository and @Entity scanning is not enabled.
2020-03-24 16:40:52.263  INFO 5416 --- [restartedMain] .s.d.r.c.RepositoryConfigurationDelegate : Finished Spring Data repository scanning in 7ms. Found 0 Reactive MongoDB repository interfaces.
2020-03-24 16:40:53.267  INFO 5416 --- [restartedMain] o.s.b.w.embedded.tomcat.TomcatWebServer  : Tomcat initialized with port(s): 8083 (http)
2020-03-24 16:40:53.324  INFO 5416 --- [restartedMain] o.apache.catalina.core.StandardService   : Starting service [Tomcat]
2020-03-24 16:40:53.325  INFO 5416 --- [restartedMain] org.apache.catalina.core.StandardEngine  : Starting Servlet engine: [Apache Tomcat/9.0.31]
2020-03-24 16:40:53.425  INFO 5416 --- [restartedMain] o.a.c.c.C.[Tomcat].[localhost].[/]       : Initializing Spring embedded WebApplicationContext
2020-03-24 16:40:53.425  INFO 5416 --- [restartedMain] o.s.web.context.ContextLoader            : Root WebApplicationContext: initialization completed in 2183 ms
2020-03-24 16:40:55.989  INFO 5416 --- [restartedMain] org.mongodb.driver.cluster               : Cluster created with settings {hosts=[127.0.0.1:27017], srvHost=cluster0-tojxh.mongodb.net, mode=MULTIPLE, requiredClusterType=REPLICA_SET, serverSelectionTimeout='30000 ms', maxWaitQueueSize=500, requiredReplicaSetName='Cluster0-shard-0'}
2020-03-24 16:40:56.242  WARN 5416 --- [restartedMain] o.s.b.d.a.OptionalLiveReloadServer       : Unable to start LiveReload server
2020-03-24 16:40:56.980  INFO 5416 --- [restartedMain] o.s.s.concurrent.ThreadPoolTaskExecutor  : Initializing ExecutorService 'applicationTaskExecutor'
2020-03-24 16:40:58.022  INFO 5416 --- [cluster-ClusterId{value='5e7a6247fc844619b3d23d31', description='null'}-srv-cluster0-tojxh.mongodb.net] org.mongodb.driver.cluster               : Adding discovered server cluster0-shard-00-01-tojxh.mongodb.net:27017 to client view of cluster
2020-03-24 16:40:58.055  INFO 5416 --- [cluster-ClusterId{value='5e7a6247fc844619b3d23d31', description='null'}-srv-cluster0-tojxh.mongodb.net] org.mongodb.driver.cluster               : Adding discovered server cluster0-shard-00-02-tojxh.mongodb.net:27017 to client view of cluster
2020-03-24 16:40:58.056  INFO 5416 --- [cluster-ClusterId{value='5e7a6247fc844619b3d23d31', description='null'}-srv-cluster0-tojxh.mongodb.net] org.mongodb.driver.cluster               : Adding discovered server cluster0-shard-00-00-tojxh.mongodb.net:27017 to client view of cluster
2020-03-24 16:40:59.124  INFO 5416 --- [cluster-ClusterId{value='5e7a6247fc844619b3d23d31', description='null'}-cluster0-shard-00-02-tojxh.mongodb.net:27017] org.mongodb.driver.connection            : Opened connection [connectionId{localValue:3, serverValue:93371}] to cluster0-shard-00-02-tojxh.mongodb.net:27017
2020-03-24 16:40:59.126  INFO 5416 --- [cluster-ClusterId{value='5e7a6247fc844619b3d23d31', description='null'}-cluster0-shard-00-01-tojxh.mongodb.net:27017] org.mongodb.driver.connection            : Opened connection [connectionId{localValue:1, serverValue:92718}] to cluster0-shard-00-01-tojxh.mongodb.net:27017
2020-03-24 16:40:59.224  INFO 5416 --- [cluster-ClusterId{value='5e7a6247fc844619b3d23d31', description='null'}-cluster0-shard-00-00-tojxh.mongodb.net:27017] org.mongodb.driver.connection            : Opened connection [connectionId{localValue:2, serverValue:93290}] to cluster0-shard-00-00-tojxh.mongodb.net:27017
2020-03-24 16:40:59.294  INFO 5416 --- [cluster-ClusterId{value='5e7a6247fc844619b3d23d31', description='null'}-cluster0-shard-00-01-tojxh.mongodb.net:27017] org.mongodb.driver.cluster               : Monitor thread successfully connected to server with description ServerDescription{address=cluster0-shard-00-01-tojxh.mongodb.net:27017, type=REPLICA_SET_SECONDARY, state=CONNECTED, ok=true, version=ServerVersion{versionList=[4, 2, 3]}, minWireVersion=0, maxWireVersion=8, maxDocumentSize=16777216, logicalSessionTimeoutMinutes=30, roundTripTimeNanos=166136900, setName='Cluster0-shard-0', canonicalAddress=cluster0-shard-00-01-tojxh.mongodb.net:27017, hosts=[cluster0-shard-00-00-tojxh.mongodb.net:27017, cluster0-shard-00-01-tojxh.mongodb.net:27017, cluster0-shard-00-02-tojxh.mongodb.net:27017], passives=[], arbiters=[], primary='cluster0-shard-00-02-tojxh.mongodb.net:27017', tagSet=TagSet{[Tag{name='nodeType', value='ELECTABLE'}, Tag{name='provider', value='AWS'}, Tag{name='region', value='US_EAST_1'}]}, electionId=null, setVersion=2, lastWriteDate=Tue Mar 24 16:40:57 BRT 2020, lastUpdateTimeNanos=955468123491800}
2020-03-24 16:40:59.294  INFO 5416 --- [cluster-ClusterId{value='5e7a6247fc844619b3d23d31', description='null'}-cluster0-shard-00-02-tojxh.mongodb.net:27017] org.mongodb.driver.cluster               : Monitor thread successfully connected to server with description ServerDescription{address=cluster0-shard-00-02-tojxh.mongodb.net:27017, type=REPLICA_SET_PRIMARY, state=CONNECTED, ok=true, version=ServerVersion{versionList=[4, 2, 3]}, minWireVersion=0, maxWireVersion=8, maxDocumentSize=16777216, logicalSessionTimeoutMinutes=30, roundTripTimeNanos=164544900, setName='Cluster0-shard-0', canonicalAddress=cluster0-shard-00-02-tojxh.mongodb.net:27017, hosts=[cluster0-shard-00-00-tojxh.mongodb.net:27017, cluster0-shard-00-01-tojxh.mongodb.net:27017, cluster0-shard-00-02-tojxh.mongodb.net:27017], passives=[], arbiters=[], primary='cluster0-shard-00-02-tojxh.mongodb.net:27017', tagSet=TagSet{[Tag{name='nodeType', value='ELECTABLE'}, Tag{name='provider', value='AWS'}, Tag{name='region', value='US_EAST_1'}]}, electionId=7fffffff0000000000000002, setVersion=2, lastWriteDate=Tue Mar 24 16:40:57 BRT 2020, lastUpdateTimeNanos=955468122030300}
2020-03-24 16:40:59.297  INFO 5416 --- [cluster-ClusterId{value='5e7a6247fc844619b3d23d31', description='null'}-cluster0-shard-00-02-tojxh.mongodb.net:27017] org.mongodb.driver.cluster               : Setting max election id to 7fffffff0000000000000002 from replica set primary cluster0-shard-00-02-tojxh.mongodb.net:27017
2020-03-24 16:40:59.298  INFO 5416 --- [cluster-ClusterId{value='5e7a6247fc844619b3d23d31', description='null'}-cluster0-shard-00-02-tojxh.mongodb.net:27017] org.mongodb.driver.cluster               : Setting max set version to 2 from replica set primary cluster0-shard-00-02-tojxh.mongodb.net:27017
2020-03-24 16:40:59.299  INFO 5416 --- [cluster-ClusterId{value='5e7a6247fc844619b3d23d31', description='null'}-cluster0-shard-00-02-tojxh.mongodb.net:27017] org.mongodb.driver.cluster               : Discovered replica set primary cluster0-shard-00-02-tojxh.mongodb.net:27017
2020-03-24 16:40:59.308  INFO 5416 --- [restartedMain] org.mongodb.driver.cluster               : Cluster created with settings {hosts=[127.0.0.1:27017], srvHost=cluster0-tojxh.mongodb.net, mode=MULTIPLE, requiredClusterType=REPLICA_SET, serverSelectionTimeout='30000 ms', maxWaitQueueSize=500, requiredReplicaSetName='Cluster0-shard-0'}
2020-03-24 16:40:59.417  INFO 5416 --- [cluster-ClusterId{value='5e7a6247fc844619b3d23d31', description='null'}-cluster0-shard-00-00-tojxh.mongodb.net:27017] org.mongodb.driver.cluster               : Monitor thread successfully connected to server with description ServerDescription{address=cluster0-shard-00-00-tojxh.mongodb.net:27017, type=REPLICA_SET_SECONDARY, state=CONNECTED, ok=true, version=ServerVersion{versionList=[4, 2, 3]}, minWireVersion=0, maxWireVersion=8, maxDocumentSize=16777216, logicalSessionTimeoutMinutes=30, roundTripTimeNanos=191132000, setName='Cluster0-shard-0', canonicalAddress=cluster0-shard-00-00-tojxh.mongodb.net:27017, hosts=[cluster0-shard-00-00-tojxh.mongodb.net:27017, cluster0-shard-00-01-tojxh.mongodb.net:27017, cluster0-shard-00-02-tojxh.mongodb.net:27017], passives=[], arbiters=[], primary='cluster0-shard-00-02-tojxh.mongodb.net:27017', tagSet=TagSet{[Tag{name='nodeType', value='ELECTABLE'}, Tag{name='provider', value='AWS'}, Tag{name='region', value='US_EAST_1'}]}, electionId=null, setVersion=2, lastWriteDate=Tue Mar 24 16:40:57 BRT 2020, lastUpdateTimeNanos=955468246235000}
2020-03-24 16:40:59.576  INFO 5416 --- [restartedMain] o.s.b.w.embedded.tomcat.TomcatWebServer  : Tomcat started on port(s): 8083 (http) with context path ''
2020-03-24 16:40:59.578  INFO 5416 --- [restartedMain] ServicethreeApplication                  : Started ServicethreeApplication in 8.96 seconds (JVM running for 9.59)
2020-03-24 16:40:59.580  INFO 5416 --- [restartedMain] ServicethreeApplication                  : ServiceThree Started!
2020-03-24 16:41:01.316  INFO 5416 --- [cluster-ClusterId{value='5e7a624bfc844619b3d23d32', description='null'}-srv-cluster0-tojxh.mongodb.net] org.mongodb.driver.cluster               : Adding discovered server cluster0-shard-00-01-tojxh.mongodb.net:27017 to client view of cluster
2020-03-24 16:41:01.319  INFO 5416 --- [cluster-ClusterId{value='5e7a624bfc844619b3d23d32', description='null'}-srv-cluster0-tojxh.mongodb.net] org.mongodb.driver.cluster               : Adding discovered server cluster0-shard-00-02-tojxh.mongodb.net:27017 to client view of cluster
2020-03-24 16:41:01.322  INFO 5416 --- [cluster-ClusterId{value='5e7a624bfc844619b3d23d32', description='null'}-srv-cluster0-tojxh.mongodb.net] org.mongodb.driver.cluster               : Adding discovered server cluster0-shard-00-00-tojxh.mongodb.net:27017 to client view of cluster
2020-03-24 16:41:02.190  INFO 5416 --- [cluster-ClusterId{value='5e7a624bfc844619b3d23d32', description='null'}-cluster0-shard-00-02-tojxh.mongodb.net:27017] org.mongodb.driver.connection            : Opened connection [connectionId{localValue:5, serverValue:93371}] to cluster0-shard-00-02-tojxh.mongodb.net:27017
2020-03-24 16:41:02.239  INFO 5416 --- [cluster-ClusterId{value='5e7a624bfc844619b3d23d32', description='null'}-cluster0-shard-00-00-tojxh.mongodb.net:27017] org.mongodb.driver.connection            : Opened connection [connectionId{localValue:6, serverValue:93290}] to cluster0-shard-00-00-tojxh.mongodb.net:27017
2020-03-24 16:41:02.255  INFO 5416 --- [cluster-ClusterId{value='5e7a624bfc844619b3d23d32', description='null'}-cluster0-shard-00-01-tojxh.mongodb.net:27017] org.mongodb.driver.connection            : Opened connection [connectionId{localValue:4, serverValue:92728}] to cluster0-shard-00-01-tojxh.mongodb.net:27017
2020-03-24 16:41:02.346  INFO 5416 --- [cluster-ClusterId{value='5e7a624bfc844619b3d23d32', description='null'}-cluster0-shard-00-02-tojxh.mongodb.net:27017] org.mongodb.driver.cluster               : Monitor thread successfully connected to server with description ServerDescription{address=cluster0-shard-00-02-tojxh.mongodb.net:27017, type=REPLICA_SET_PRIMARY, state=CONNECTED, ok=true, version=ServerVersion{versionList=[4, 2, 3]}, minWireVersion=0, maxWireVersion=8, maxDocumentSize=16777216, logicalSessionTimeoutMinutes=30, roundTripTimeNanos=154273300, setName='Cluster0-shard-0', canonicalAddress=cluster0-shard-00-02-tojxh.mongodb.net:27017, hosts=[cluster0-shard-00-00-tojxh.mongodb.net:27017, cluster0-shard-00-01-tojxh.mongodb.net:27017, cluster0-shard-00-02-tojxh.mongodb.net:27017], passives=[], arbiters=[], primary='cluster0-shard-00-02-tojxh.mongodb.net:27017', tagSet=TagSet{[Tag{name='nodeType', value='ELECTABLE'}, Tag{name='provider', value='AWS'}, Tag{name='region', value='US_EAST_1'}]}, electionId=7fffffff0000000000000002, setVersion=2, lastWriteDate=Tue Mar 24 16:40:57 BRT 2020, lastUpdateTimeNanos=955471175474800}
2020-03-24 16:41:02.347  INFO 5416 --- [cluster-ClusterId{value='5e7a624bfc844619b3d23d32', description='null'}-cluster0-shard-00-02-tojxh.mongodb.net:27017] org.mongodb.driver.cluster               : Setting max election id to 7fffffff0000000000000002 from replica set primary cluster0-shard-00-02-tojxh.mongodb.net:27017
2020-03-24 16:41:02.348  INFO 5416 --- [cluster-ClusterId{value='5e7a624bfc844619b3d23d32', description='null'}-cluster0-shard-00-02-tojxh.mongodb.net:27017] org.mongodb.driver.cluster               : Setting max set version to 2 from replica set primary cluster0-shard-00-02-tojxh.mongodb.net:27017
2020-03-24 16:41:02.349  INFO 5416 --- [cluster-ClusterId{value='5e7a624bfc844619b3d23d32', description='null'}-cluster0-shard-00-02-tojxh.mongodb.net:27017] org.mongodb.driver.cluster               : Discovered replica set primary cluster0-shard-00-02-tojxh.mongodb.net:27017
2020-03-24 16:41:02.406  INFO 5416 --- [cluster-ClusterId{value='5e7a624bfc844619b3d23d32', description='null'}-cluster0-shard-00-00-tojxh.mongodb.net:27017] org.mongodb.driver.cluster               : Monitor thread successfully connected to server with description ServerDescription{address=cluster0-shard-00-00-tojxh.mongodb.net:27017, type=REPLICA_SET_SECONDARY, state=CONNECTED, ok=true, version=ServerVersion{versionList=[4, 2, 3]}, minWireVersion=0, maxWireVersion=8, maxDocumentSize=16777216, logicalSessionTimeoutMinutes=30, roundTripTimeNanos=166548500, setName='Cluster0-shard-0', canonicalAddress=cluster0-shard-00-00-tojxh.mongodb.net:27017, hosts=[cluster0-shard-00-00-tojxh.mongodb.net:27017, cluster0-shard-00-01-tojxh.mongodb.net:27017, cluster0-shard-00-02-tojxh.mongodb.net:27017], passives=[], arbiters=[], primary='cluster0-shard-00-02-tojxh.mongodb.net:27017', tagSet=TagSet{[Tag{name='nodeType', value='ELECTABLE'}, Tag{name='provider', value='AWS'}, Tag{name='region', value='US_EAST_1'}]}, electionId=null, setVersion=2, lastWriteDate=Tue Mar 24 16:40:57 BRT 2020, lastUpdateTimeNanos=955471235681300}
2020-03-24 16:41:02.431  INFO 5416 --- [cluster-ClusterId{value='5e7a624bfc844619b3d23d32', description='null'}-cluster0-shard-00-01-tojxh.mongodb.net:27017] org.mongodb.driver.cluster               : Monitor thread successfully connected to server with description ServerDescription{address=cluster0-shard-00-01-tojxh.mongodb.net:27017, type=REPLICA_SET_SECONDARY, state=CONNECTED, ok=true, version=ServerVersion{versionList=[4, 2, 3]}, minWireVersion=0, maxWireVersion=8, maxDocumentSize=16777216, logicalSessionTimeoutMinutes=30, roundTripTimeNanos=176302800, setName='Cluster0-shard-0', canonicalAddress=cluster0-shard-00-01-tojxh.mongodb.net:27017, hosts=[cluster0-shard-00-00-tojxh.mongodb.net:27017, cluster0-shard-00-01-tojxh.mongodb.net:27017, cluster0-shard-00-02-tojxh.mongodb.net:27017], passives=[], arbiters=[], primary='cluster0-shard-00-02-tojxh.mongodb.net:27017', tagSet=TagSet{[Tag{name='nodeType', value='ELECTABLE'}, Tag{name='provider', value='AWS'}, Tag{name='region', value='US_EAST_1'}]}, electionId=null, setVersion=2, lastWriteDate=Tue Mar 24 16:40:57 BRT 2020, lastUpdateTimeNanos=955471261370300}
2020-03-24 16:41:26.113  INFO 5416 --- [SpringContextShutdownHook] o.s.s.concurrent.ThreadPoolTaskExecutor  : Shutting down ExecutorService 'applicationTaskExecutor'
2020-03-24 16:41:42.407  INFO 5964 --- [restartedMain] ServicethreeApplication                  : Starting ServicethreeApplication on NT-04727 with PID 5964 (C:\pocRabbitMQ\servicethree\target\classes started by carlos.lopes in C:\pocRabbitMQ)
2020-03-24 16:41:42.413  INFO 5964 --- [restartedMain] ServicethreeApplication                  : No active profile set, falling back to default profiles: default
2020-03-24 16:41:42.509  INFO 5964 --- [restartedMain] .e.DevToolsPropertyDefaultsPostProcessor : Devtools property defaults active! Set 'spring.devtools.add-properties' to 'false' to disable
2020-03-24 16:41:42.509  INFO 5964 --- [restartedMain] .e.DevToolsPropertyDefaultsPostProcessor : For additional web related logging consider setting the 'logging.level.web' property to 'DEBUG'
2020-03-24 16:41:43.179  INFO 5964 --- [restartedMain] .s.d.r.c.RepositoryConfigurationDelegate : Bootstrapping Spring Data MongoDB repositories in DEFAULT mode.
2020-03-24 16:41:43.327  INFO 5964 --- [restartedMain] .s.d.r.c.RepositoryConfigurationDelegate : Finished Spring Data repository scanning in 142ms. Found 1 MongoDB repository interfaces.
2020-03-24 16:41:43.507  INFO 5964 --- [restartedMain] .s.d.r.c.RepositoryConfigurationDelegate : Bootstrapping Spring Data Reactive MongoDB repositories in DEFAULT mode.
2020-03-24 16:41:43.516  WARN 5964 --- [restartedMain] o.s.b.a.AutoConfigurationPackages        : @EnableAutoConfiguration was declared on a class in the default package. Automatic @Repository and @Entity scanning is not enabled.
2020-03-24 16:41:43.517  INFO 5964 --- [restartedMain] .s.d.r.c.RepositoryConfigurationDelegate : Finished Spring Data repository scanning in 8ms. Found 0 Reactive MongoDB repository interfaces.
2020-03-24 16:41:44.576  INFO 5964 --- [restartedMain] o.s.b.w.embedded.tomcat.TomcatWebServer  : Tomcat initialized with port(s): 8083 (http)
2020-03-24 16:41:44.631  INFO 5964 --- [restartedMain] o.apache.catalina.core.StandardService   : Starting service [Tomcat]
2020-03-24 16:41:44.632  INFO 5964 --- [restartedMain] org.apache.catalina.core.StandardEngine  : Starting Servlet engine: [Apache Tomcat/9.0.31]
2020-03-24 16:41:44.721  INFO 5964 --- [restartedMain] o.a.c.c.C.[Tomcat].[localhost].[/]       : Initializing Spring embedded WebApplicationContext
2020-03-24 16:41:44.722  INFO 5964 --- [restartedMain] o.s.web.context.ContextLoader            : Root WebApplicationContext: initialization completed in 2213 ms
2020-03-24 16:41:47.301  INFO 5964 --- [restartedMain] org.mongodb.driver.cluster               : Cluster created with settings {hosts=[127.0.0.1:27017], srvHost=cluster0-tojxh.mongodb.net, mode=MULTIPLE, requiredClusterType=REPLICA_SET, serverSelectionTimeout='30000 ms', maxWaitQueueSize=500, requiredReplicaSetName='Cluster0-shard-0'}
2020-03-24 16:41:47.705  WARN 5964 --- [restartedMain] o.s.b.d.a.OptionalLiveReloadServer       : Unable to start LiveReload server
2020-03-24 16:41:48.556  INFO 5964 --- [restartedMain] o.s.s.concurrent.ThreadPoolTaskExecutor  : Initializing ExecutorService 'applicationTaskExecutor'
2020-03-24 16:41:49.313  INFO 5964 --- [cluster-ClusterId{value='5e7a627bbee2d96702dbd20b', description='null'}-srv-cluster0-tojxh.mongodb.net] org.mongodb.driver.cluster               : Adding discovered server cluster0-shard-00-01-tojxh.mongodb.net:27017 to client view of cluster
2020-03-24 16:41:49.352  INFO 5964 --- [cluster-ClusterId{value='5e7a627bbee2d96702dbd20b', description='null'}-srv-cluster0-tojxh.mongodb.net] org.mongodb.driver.cluster               : Adding discovered server cluster0-shard-00-02-tojxh.mongodb.net:27017 to client view of cluster
2020-03-24 16:41:49.353  INFO 5964 --- [cluster-ClusterId{value='5e7a627bbee2d96702dbd20b', description='null'}-srv-cluster0-tojxh.mongodb.net] org.mongodb.driver.cluster               : Adding discovered server cluster0-shard-00-00-tojxh.mongodb.net:27017 to client view of cluster
2020-03-24 16:41:50.291  INFO 5964 --- [cluster-ClusterId{value='5e7a627bbee2d96702dbd20b', description='null'}-cluster0-shard-00-02-tojxh.mongodb.net:27017] org.mongodb.driver.connection            : Opened connection [connectionId{localValue:3, serverValue:98195}] to cluster0-shard-00-02-tojxh.mongodb.net:27017
2020-03-24 16:41:50.309  INFO 5964 --- [cluster-ClusterId{value='5e7a627bbee2d96702dbd20b', description='null'}-cluster0-shard-00-00-tojxh.mongodb.net:27017] org.mongodb.driver.connection            : Opened connection [connectionId{localValue:2, serverValue:93240}] to cluster0-shard-00-00-tojxh.mongodb.net:27017
2020-03-24 16:41:50.314  INFO 5964 --- [cluster-ClusterId{value='5e7a627bbee2d96702dbd20b', description='null'}-cluster0-shard-00-01-tojxh.mongodb.net:27017] org.mongodb.driver.connection            : Opened connection [connectionId{localValue:1, serverValue:92728}] to cluster0-shard-00-01-tojxh.mongodb.net:27017
2020-03-24 16:41:50.453  INFO 5964 --- [cluster-ClusterId{value='5e7a627bbee2d96702dbd20b', description='null'}-cluster0-shard-00-02-tojxh.mongodb.net:27017] org.mongodb.driver.cluster               : Monitor thread successfully connected to server with description ServerDescription{address=cluster0-shard-00-02-tojxh.mongodb.net:27017, type=REPLICA_SET_PRIMARY, state=CONNECTED, ok=true, version=ServerVersion{versionList=[4, 2, 3]}, minWireVersion=0, maxWireVersion=8, maxDocumentSize=16777216, logicalSessionTimeoutMinutes=30, roundTripTimeNanos=160012700, setName='Cluster0-shard-0', canonicalAddress=cluster0-shard-00-02-tojxh.mongodb.net:27017, hosts=[cluster0-shard-00-00-tojxh.mongodb.net:27017, cluster0-shard-00-01-tojxh.mongodb.net:27017, cluster0-shard-00-02-tojxh.mongodb.net:27017], passives=[], arbiters=[], primary='cluster0-shard-00-02-tojxh.mongodb.net:27017', tagSet=TagSet{[Tag{name='nodeType', value='ELECTABLE'}, Tag{name='provider', value='AWS'}, Tag{name='region', value='US_EAST_1'}]}, electionId=7fffffff0000000000000002, setVersion=2, lastWriteDate=Tue Mar 24 16:41:47 BRT 2020, lastUpdateTimeNanos=955519281725400}
2020-03-24 16:41:50.454  INFO 5964 --- [cluster-ClusterId{value='5e7a627bbee2d96702dbd20b', description='null'}-cluster0-shard-00-02-tojxh.mongodb.net:27017] org.mongodb.driver.cluster               : Setting max election id to 7fffffff0000000000000002 from replica set primary cluster0-shard-00-02-tojxh.mongodb.net:27017
2020-03-24 16:41:50.455  INFO 5964 --- [cluster-ClusterId{value='5e7a627bbee2d96702dbd20b', description='null'}-cluster0-shard-00-02-tojxh.mongodb.net:27017] org.mongodb.driver.cluster               : Setting max set version to 2 from replica set primary cluster0-shard-00-02-tojxh.mongodb.net:27017
2020-03-24 16:41:50.455  INFO 5964 --- [cluster-ClusterId{value='5e7a627bbee2d96702dbd20b', description='null'}-cluster0-shard-00-02-tojxh.mongodb.net:27017] org.mongodb.driver.cluster               : Discovered replica set primary cluster0-shard-00-02-tojxh.mongodb.net:27017
2020-03-24 16:41:50.466  INFO 5964 --- [cluster-ClusterId{value='5e7a627bbee2d96702dbd20b', description='null'}-cluster0-shard-00-00-tojxh.mongodb.net:27017] org.mongodb.driver.cluster               : Monitor thread successfully connected to server with description ServerDescription{address=cluster0-shard-00-00-tojxh.mongodb.net:27017, type=REPLICA_SET_SECONDARY, state=CONNECTED, ok=true, version=ServerVersion{versionList=[4, 2, 3]}, minWireVersion=0, maxWireVersion=8, maxDocumentSize=16777216, logicalSessionTimeoutMinutes=30, roundTripTimeNanos=156051100, setName='Cluster0-shard-0', canonicalAddress=cluster0-shard-00-00-tojxh.mongodb.net:27017, hosts=[cluster0-shard-00-00-tojxh.mongodb.net:27017, cluster0-shard-00-01-tojxh.mongodb.net:27017, cluster0-shard-00-02-tojxh.mongodb.net:27017], passives=[], arbiters=[], primary='cluster0-shard-00-02-tojxh.mongodb.net:27017', tagSet=TagSet{[Tag{name='nodeType', value='ELECTABLE'}, Tag{name='provider', value='AWS'}, Tag{name='region', value='US_EAST_1'}]}, electionId=null, setVersion=2, lastWriteDate=Tue Mar 24 16:41:47 BRT 2020, lastUpdateTimeNanos=955519296146900}
2020-03-24 16:41:50.475  INFO 5964 --- [cluster-ClusterId{value='5e7a627bbee2d96702dbd20b', description='null'}-cluster0-shard-00-01-tojxh.mongodb.net:27017] org.mongodb.driver.cluster               : Monitor thread successfully connected to server with description ServerDescription{address=cluster0-shard-00-01-tojxh.mongodb.net:27017, type=REPLICA_SET_SECONDARY, state=CONNECTED, ok=true, version=ServerVersion{versionList=[4, 2, 3]}, minWireVersion=0, maxWireVersion=8, maxDocumentSize=16777216, logicalSessionTimeoutMinutes=30, roundTripTimeNanos=159809600, setName='Cluster0-shard-0', canonicalAddress=cluster0-shard-00-01-tojxh.mongodb.net:27017, hosts=[cluster0-shard-00-00-tojxh.mongodb.net:27017, cluster0-shard-00-01-tojxh.mongodb.net:27017, cluster0-shard-00-02-tojxh.mongodb.net:27017], passives=[], arbiters=[], primary='cluster0-shard-00-02-tojxh.mongodb.net:27017', tagSet=TagSet{[Tag{name='nodeType', value='ELECTABLE'}, Tag{name='provider', value='AWS'}, Tag{name='region', value='US_EAST_1'}]}, electionId=null, setVersion=2, lastWriteDate=Tue Mar 24 16:41:47 BRT 2020, lastUpdateTimeNanos=955519304697900}
2020-03-24 16:41:50.982  INFO 5964 --- [restartedMain] org.mongodb.driver.cluster               : Cluster created with settings {hosts=[127.0.0.1:27017], srvHost=cluster0-tojxh.mongodb.net, mode=MULTIPLE, requiredClusterType=REPLICA_SET, serverSelectionTimeout='30000 ms', maxWaitQueueSize=500, requiredReplicaSetName='Cluster0-shard-0'}
2020-03-24 16:41:51.261  INFO 5964 --- [restartedMain] o.s.b.w.embedded.tomcat.TomcatWebServer  : Tomcat started on port(s): 8083 (http) with context path ''
2020-03-24 16:41:51.263  INFO 5964 --- [restartedMain] ServicethreeApplication                  : Started ServicethreeApplication in 9.354 seconds (JVM running for 9.957)
2020-03-24 16:41:51.267  INFO 5964 --- [restartedMain] ServicethreeApplication                  : ServiceThree Started!
2020-03-24 16:41:52.833  INFO 5964 --- [pool-1-thread-4] org.mongodb.driver.connection            : Opened connection [connectionId{localValue:4, serverValue:98184}] to cluster0-shard-00-02-tojxh.mongodb.net:27017
2020-03-24 16:41:52.992  INFO 5964 --- [cluster-ClusterId{value='5e7a627ebee2d96702dbd20c', description='null'}-srv-cluster0-tojxh.mongodb.net] org.mongodb.driver.cluster               : Adding discovered server cluster0-shard-00-01-tojxh.mongodb.net:27017 to client view of cluster
2020-03-24 16:41:52.994  INFO 5964 --- [cluster-ClusterId{value='5e7a627ebee2d96702dbd20c', description='null'}-srv-cluster0-tojxh.mongodb.net] org.mongodb.driver.cluster               : Adding discovered server cluster0-shard-00-02-tojxh.mongodb.net:27017 to client view of cluster
2020-03-24 16:41:52.996  INFO 5964 --- [cluster-ClusterId{value='5e7a627ebee2d96702dbd20c', description='null'}-srv-cluster0-tojxh.mongodb.net] org.mongodb.driver.cluster               : Adding discovered server cluster0-shard-00-00-tojxh.mongodb.net:27017 to client view of cluster
2020-03-24 16:41:53.808  INFO 5964 --- [cluster-ClusterId{value='5e7a627ebee2d96702dbd20c', description='null'}-cluster0-shard-00-01-tojxh.mongodb.net:27017] org.mongodb.driver.connection            : Opened connection [connectionId{localValue:5, serverValue:92728}] to cluster0-shard-00-01-tojxh.mongodb.net:27017
2020-03-24 16:41:53.814  INFO 5964 --- [cluster-ClusterId{value='5e7a627ebee2d96702dbd20c', description='null'}-cluster0-shard-00-02-tojxh.mongodb.net:27017] org.mongodb.driver.connection            : Opened connection [connectionId{localValue:6, serverValue:98195}] to cluster0-shard-00-02-tojxh.mongodb.net:27017
2020-03-24 16:41:53.955  INFO 5964 --- [cluster-ClusterId{value='5e7a627ebee2d96702dbd20c', description='null'}-cluster0-shard-00-01-tojxh.mongodb.net:27017] org.mongodb.driver.cluster               : Monitor thread successfully connected to server with description ServerDescription{address=cluster0-shard-00-01-tojxh.mongodb.net:27017, type=REPLICA_SET_SECONDARY, state=CONNECTED, ok=true, version=ServerVersion{versionList=[4, 2, 3]}, minWireVersion=0, maxWireVersion=8, maxDocumentSize=16777216, logicalSessionTimeoutMinutes=30, roundTripTimeNanos=146457200, setName='Cluster0-shard-0', canonicalAddress=cluster0-shard-00-01-tojxh.mongodb.net:27017, hosts=[cluster0-shard-00-00-tojxh.mongodb.net:27017, cluster0-shard-00-01-tojxh.mongodb.net:27017, cluster0-shard-00-02-tojxh.mongodb.net:27017], passives=[], arbiters=[], primary='cluster0-shard-00-02-tojxh.mongodb.net:27017', tagSet=TagSet{[Tag{name='nodeType', value='ELECTABLE'}, Tag{name='provider', value='AWS'}, Tag{name='region', value='US_EAST_1'}]}, electionId=null, setVersion=2, lastWriteDate=Tue Mar 24 16:41:53 BRT 2020, lastUpdateTimeNanos=955522784278000}
2020-03-24 16:41:53.963  INFO 5964 --- [cluster-ClusterId{value='5e7a627ebee2d96702dbd20c', description='null'}-cluster0-shard-00-02-tojxh.mongodb.net:27017] org.mongodb.driver.cluster               : Monitor thread successfully connected to server with description ServerDescription{address=cluster0-shard-00-02-tojxh.mongodb.net:27017, type=REPLICA_SET_PRIMARY, state=CONNECTED, ok=true, version=ServerVersion{versionList=[4, 2, 3]}, minWireVersion=0, maxWireVersion=8, maxDocumentSize=16777216, logicalSessionTimeoutMinutes=30, roundTripTimeNanos=148672900, setName='Cluster0-shard-0', canonicalAddress=cluster0-shard-00-02-tojxh.mongodb.net:27017, hosts=[cluster0-shard-00-00-tojxh.mongodb.net:27017, cluster0-shard-00-01-tojxh.mongodb.net:27017, cluster0-shard-00-02-tojxh.mongodb.net:27017], passives=[], arbiters=[], primary='cluster0-shard-00-02-tojxh.mongodb.net:27017', tagSet=TagSet{[Tag{name='nodeType', value='ELECTABLE'}, Tag{name='provider', value='AWS'}, Tag{name='region', value='US_EAST_1'}]}, electionId=7fffffff0000000000000002, setVersion=2, lastWriteDate=Tue Mar 24 16:41:53 BRT 2020, lastUpdateTimeNanos=955522792850800}
2020-03-24 16:41:53.963  INFO 5964 --- [cluster-ClusterId{value='5e7a627ebee2d96702dbd20c', description='null'}-cluster0-shard-00-02-tojxh.mongodb.net:27017] org.mongodb.driver.cluster               : Setting max election id to 7fffffff0000000000000002 from replica set primary cluster0-shard-00-02-tojxh.mongodb.net:27017
2020-03-24 16:41:53.964  INFO 5964 --- [cluster-ClusterId{value='5e7a627ebee2d96702dbd20c', description='null'}-cluster0-shard-00-02-tojxh.mongodb.net:27017] org.mongodb.driver.cluster               : Setting max set version to 2 from replica set primary cluster0-shard-00-02-tojxh.mongodb.net:27017
2020-03-24 16:41:53.964  INFO 5964 --- [cluster-ClusterId{value='5e7a627ebee2d96702dbd20c', description='null'}-cluster0-shard-00-02-tojxh.mongodb.net:27017] org.mongodb.driver.cluster               : Discovered replica set primary cluster0-shard-00-02-tojxh.mongodb.net:27017
2020-03-24 16:41:54.000  INFO 5964 --- [cluster-ClusterId{value='5e7a627ebee2d96702dbd20c', description='null'}-cluster0-shard-00-00-tojxh.mongodb.net:27017] org.mongodb.driver.connection            : Opened connection [connectionId{localValue:7, serverValue:93240}] to cluster0-shard-00-00-tojxh.mongodb.net:27017
2020-03-24 16:41:54.189  INFO 5964 --- [cluster-ClusterId{value='5e7a627ebee2d96702dbd20c', description='null'}-cluster0-shard-00-00-tojxh.mongodb.net:27017] org.mongodb.driver.cluster               : Monitor thread successfully connected to server with description ServerDescription{address=cluster0-shard-00-00-tojxh.mongodb.net:27017, type=REPLICA_SET_SECONDARY, state=CONNECTED, ok=true, version=ServerVersion{versionList=[4, 2, 3]}, minWireVersion=0, maxWireVersion=8, maxDocumentSize=16777216, logicalSessionTimeoutMinutes=30, roundTripTimeNanos=189458000, setName='Cluster0-shard-0', canonicalAddress=cluster0-shard-00-00-tojxh.mongodb.net:27017, hosts=[cluster0-shard-00-00-tojxh.mongodb.net:27017, cluster0-shard-00-01-tojxh.mongodb.net:27017, cluster0-shard-00-02-tojxh.mongodb.net:27017], passives=[], arbiters=[], primary='cluster0-shard-00-02-tojxh.mongodb.net:27017', tagSet=TagSet{[Tag{name='nodeType', value='ELECTABLE'}, Tag{name='provider', value='AWS'}, Tag{name='region', value='US_EAST_1'}]}, electionId=null, setVersion=2, lastWriteDate=Tue Mar 24 16:41:53 BRT 2020, lastUpdateTimeNanos=955523019509600}
2020-03-24 16:42:20.951  INFO 5964 --- [SpringContextShutdownHook] o.s.s.concurrent.ThreadPoolTaskExecutor  : Shutting down ExecutorService 'applicationTaskExecutor'
2020-03-24 16:42:21.118  INFO 5964 --- [SpringContextShutdownHook] org.mongodb.driver.connection            : Closed connection [connectionId{localValue:4, serverValue:98184}] to cluster0-shard-00-02-tojxh.mongodb.net:27017 because the pool has been closed.
