2020-03-24 16:37:33.753  INFO 8868 --- [restartedMain] ServiceoneApplication                    : Starting ServiceoneApplication on NT-04727 with PID 8868 (C:\pocRabbitMQ\serviceone\target\classes started by carlos.lopes in C:\pocRabbitMQ)
2020-03-24 16:37:33.767  INFO 8868 --- [restartedMain] ServiceoneApplication                    : No active profile set, falling back to default profiles: default
2020-03-24 16:37:33.858  INFO 8868 --- [restartedMain] .e.DevToolsPropertyDefaultsPostProcessor : Devtools property defaults active! Set 'spring.devtools.add-properties' to 'false' to disable
2020-03-24 16:37:33.858  INFO 8868 --- [restartedMain] .e.DevToolsPropertyDefaultsPostProcessor : For additional web related logging consider setting the 'logging.level.web' property to 'DEBUG'
2020-03-24 16:37:34.885  INFO 8868 --- [restartedMain] .s.d.r.c.RepositoryConfigurationDelegate : Bootstrapping Spring Data Reactive MongoDB repositories in DEFAULT mode.
2020-03-24 16:37:34.900  WARN 8868 --- [restartedMain] o.s.b.a.AutoConfigurationPackages        : @EnableAutoConfiguration was declared on a class in the default package. Automatic @Repository and @Entity scanning is not enabled.
2020-03-24 16:37:34.902  INFO 8868 --- [restartedMain] .s.d.r.c.RepositoryConfigurationDelegate : Finished Spring Data repository scanning in 12ms. Found 0 Reactive MongoDB repository interfaces.
2020-03-24 16:37:34.908  INFO 8868 --- [restartedMain] .s.d.r.c.RepositoryConfigurationDelegate : Bootstrapping Spring Data MongoDB repositories in DEFAULT mode.
2020-03-24 16:37:34.909  INFO 8868 --- [restartedMain] .s.d.r.c.RepositoryConfigurationDelegate : Finished Spring Data repository scanning in 0ms. Found 0 MongoDB repository interfaces.
2020-03-24 16:37:36.037  INFO 8868 --- [restartedMain] o.s.b.w.embedded.tomcat.TomcatWebServer  : Tomcat initialized with port(s): 8081 (http)
2020-03-24 16:37:36.052  INFO 8868 --- [restartedMain] o.apache.catalina.core.StandardService   : Starting service [Tomcat]
2020-03-24 16:37:36.052  INFO 8868 --- [restartedMain] org.apache.catalina.core.StandardEngine  : Starting Servlet engine: [Apache Tomcat/9.0.31]
2020-03-24 16:37:36.158  INFO 8868 --- [restartedMain] o.a.c.c.C.[Tomcat].[localhost].[/]       : Initializing Spring embedded WebApplicationContext
2020-03-24 16:37:36.158  INFO 8868 --- [restartedMain] o.s.web.context.ContextLoader            : Root WebApplicationContext: initialization completed in 2298 ms
2020-03-24 16:37:37.168  INFO 8868 --- [restartedMain] o.s.s.concurrent.ThreadPoolTaskExecutor  : Initializing ExecutorService 'applicationTaskExecutor'
2020-03-24 16:37:39.905  INFO 8868 --- [restartedMain] org.mongodb.driver.cluster               : Cluster created with settings {hosts=[127.0.0.1:27017], srvHost=cluster0-tojxh.mongodb.net, mode=MULTIPLE, requiredClusterType=REPLICA_SET, serverSelectionTimeout='30000 ms', maxWaitQueueSize=500, requiredReplicaSetName='Cluster0-shard-0'}
2020-03-24 16:37:41.933  INFO 8868 --- [cluster-ClusterId{value='5e7a6183bcef6d3ce5b19aa9', description='null'}-srv-cluster0-tojxh.mongodb.net] org.mongodb.driver.cluster               : Adding discovered server cluster0-shard-00-01-tojxh.mongodb.net:27017 to client view of cluster
2020-03-24 16:37:41.967  INFO 8868 --- [cluster-ClusterId{value='5e7a6183bcef6d3ce5b19aa9', description='null'}-srv-cluster0-tojxh.mongodb.net] org.mongodb.driver.cluster               : Adding discovered server cluster0-shard-00-02-tojxh.mongodb.net:27017 to client view of cluster
2020-03-24 16:37:41.968  INFO 8868 --- [cluster-ClusterId{value='5e7a6183bcef6d3ce5b19aa9', description='null'}-srv-cluster0-tojxh.mongodb.net] org.mongodb.driver.cluster               : Adding discovered server cluster0-shard-00-00-tojxh.mongodb.net:27017 to client view of cluster
2020-03-24 16:37:42.085  INFO 8868 --- [restartedMain] org.mongodb.driver.cluster               : Cluster created with settings {hosts=[127.0.0.1:27017], srvHost=cluster0-tojxh.mongodb.net, mode=MULTIPLE, requiredClusterType=REPLICA_SET, serverSelectionTimeout='30000 ms', maxWaitQueueSize=500, requiredReplicaSetName='Cluster0-shard-0'}
2020-03-24 16:37:42.572  INFO 8868 --- [restartedMain] o.s.b.d.a.OptionalLiveReloadServer       : LiveReload server is running on port 35729
2020-03-24 16:37:42.649  INFO 8868 --- [restartedMain] o.s.b.w.embedded.tomcat.TomcatWebServer  : Tomcat started on port(s): 8081 (http) with context path ''
2020-03-24 16:37:42.655  INFO 8868 --- [restartedMain] ServiceoneApplication                    : Started ServiceoneApplication in 9.433 seconds (JVM running for 10.05)
2020-03-24 16:37:42.658  INFO 8868 --- [restartedMain] ServiceoneApplication                    : ServiceOne Started! 
2020-03-24 16:37:43.016  INFO 8868 --- [cluster-ClusterId{value='5e7a6183bcef6d3ce5b19aa9', description='null'}-cluster0-shard-00-00-tojxh.mongodb.net:27017] org.mongodb.driver.connection            : Opened connection [connectionId{localValue:2, serverValue:94913}] to cluster0-shard-00-00-tojxh.mongodb.net:27017
2020-03-24 16:37:43.018  INFO 8868 --- [cluster-ClusterId{value='5e7a6183bcef6d3ce5b19aa9', description='null'}-cluster0-shard-00-02-tojxh.mongodb.net:27017] org.mongodb.driver.connection            : Opened connection [connectionId{localValue:1, serverValue:98184}] to cluster0-shard-00-02-tojxh.mongodb.net:27017
2020-03-24 16:37:43.095  INFO 8868 --- [cluster-ClusterId{value='5e7a6183bcef6d3ce5b19aa9', description='null'}-cluster0-shard-00-01-tojxh.mongodb.net:27017] org.mongodb.driver.connection            : Opened connection [connectionId{localValue:3, serverValue:92718}] to cluster0-shard-00-01-tojxh.mongodb.net:27017
2020-03-24 16:37:43.174  INFO 8868 --- [cluster-ClusterId{value='5e7a6183bcef6d3ce5b19aa9', description='null'}-cluster0-shard-00-00-tojxh.mongodb.net:27017] org.mongodb.driver.cluster               : Monitor thread successfully connected to server with description ServerDescription{address=cluster0-shard-00-00-tojxh.mongodb.net:27017, type=REPLICA_SET_SECONDARY, state=CONNECTED, ok=true, version=ServerVersion{versionList=[4, 2, 3]}, minWireVersion=0, maxWireVersion=8, maxDocumentSize=16777216, logicalSessionTimeoutMinutes=30, roundTripTimeNanos=154200700, setName='Cluster0-shard-0', canonicalAddress=cluster0-shard-00-00-tojxh.mongodb.net:27017, hosts=[cluster0-shard-00-00-tojxh.mongodb.net:27017, cluster0-shard-00-01-tojxh.mongodb.net:27017, cluster0-shard-00-02-tojxh.mongodb.net:27017], passives=[], arbiters=[], primary='cluster0-shard-00-02-tojxh.mongodb.net:27017', tagSet=TagSet{[Tag{name='nodeType', value='ELECTABLE'}, Tag{name='provider', value='AWS'}, Tag{name='region', value='US_EAST_1'}]}, electionId=null, setVersion=2, lastWriteDate=Tue Mar 24 16:37:42 BRT 2020, lastUpdateTimeNanos=955272002141800}
2020-03-24 16:37:43.177  INFO 8868 --- [cluster-ClusterId{value='5e7a6183bcef6d3ce5b19aa9', description='null'}-cluster0-shard-00-02-tojxh.mongodb.net:27017] org.mongodb.driver.cluster               : Monitor thread successfully connected to server with description ServerDescription{address=cluster0-shard-00-02-tojxh.mongodb.net:27017, type=REPLICA_SET_PRIMARY, state=CONNECTED, ok=true, version=ServerVersion{versionList=[4, 2, 3]}, minWireVersion=0, maxWireVersion=8, maxDocumentSize=16777216, logicalSessionTimeoutMinutes=30, roundTripTimeNanos=158157000, setName='Cluster0-shard-0', canonicalAddress=cluster0-shard-00-02-tojxh.mongodb.net:27017, hosts=[cluster0-shard-00-00-tojxh.mongodb.net:27017, cluster0-shard-00-01-tojxh.mongodb.net:27017, cluster0-shard-00-02-tojxh.mongodb.net:27017], passives=[], arbiters=[], primary='cluster0-shard-00-02-tojxh.mongodb.net:27017', tagSet=TagSet{[Tag{name='nodeType', value='ELECTABLE'}, Tag{name='provider', value='AWS'}, Tag{name='region', value='US_EAST_1'}]}, electionId=7fffffff0000000000000002, setVersion=2, lastWriteDate=Tue Mar 24 16:37:42 BRT 2020, lastUpdateTimeNanos=955272006561400}
2020-03-24 16:37:43.177  INFO 8868 --- [cluster-ClusterId{value='5e7a6183bcef6d3ce5b19aa9', description='null'}-cluster0-shard-00-02-tojxh.mongodb.net:27017] org.mongodb.driver.cluster               : Setting max election id to 7fffffff0000000000000002 from replica set primary cluster0-shard-00-02-tojxh.mongodb.net:27017
2020-03-24 16:37:43.178  INFO 8868 --- [cluster-ClusterId{value='5e7a6183bcef6d3ce5b19aa9', description='null'}-cluster0-shard-00-02-tojxh.mongodb.net:27017] org.mongodb.driver.cluster               : Setting max set version to 2 from replica set primary cluster0-shard-00-02-tojxh.mongodb.net:27017
2020-03-24 16:37:43.178  INFO 8868 --- [cluster-ClusterId{value='5e7a6183bcef6d3ce5b19aa9', description='null'}-cluster0-shard-00-02-tojxh.mongodb.net:27017] org.mongodb.driver.cluster               : Discovered replica set primary cluster0-shard-00-02-tojxh.mongodb.net:27017
2020-03-24 16:37:43.269  INFO 8868 --- [cluster-ClusterId{value='5e7a6183bcef6d3ce5b19aa9', description='null'}-cluster0-shard-00-01-tojxh.mongodb.net:27017] org.mongodb.driver.cluster               : Monitor thread successfully connected to server with description ServerDescription{address=cluster0-shard-00-01-tojxh.mongodb.net:27017, type=REPLICA_SET_SECONDARY, state=CONNECTED, ok=true, version=ServerVersion{versionList=[4, 2, 3]}, minWireVersion=0, maxWireVersion=8, maxDocumentSize=16777216, logicalSessionTimeoutMinutes=30, roundTripTimeNanos=174105400, setName='Cluster0-shard-0', canonicalAddress=cluster0-shard-00-01-tojxh.mongodb.net:27017, hosts=[cluster0-shard-00-00-tojxh.mongodb.net:27017, cluster0-shard-00-01-tojxh.mongodb.net:27017, cluster0-shard-00-02-tojxh.mongodb.net:27017], passives=[], arbiters=[], primary='cluster0-shard-00-02-tojxh.mongodb.net:27017', tagSet=TagSet{[Tag{name='nodeType', value='ELECTABLE'}, Tag{name='provider', value='AWS'}, Tag{name='region', value='US_EAST_1'}]}, electionId=null, setVersion=2, lastWriteDate=Tue Mar 24 16:37:42 BRT 2020, lastUpdateTimeNanos=955272098928600}
2020-03-24 16:37:44.094  INFO 8868 --- [cluster-ClusterId{value='5e7a6186bcef6d3ce5b19aaa', description='null'}-srv-cluster0-tojxh.mongodb.net] org.mongodb.driver.cluster               : Adding discovered server cluster0-shard-00-01-tojxh.mongodb.net:27017 to client view of cluster
2020-03-24 16:37:44.095  INFO 8868 --- [cluster-ClusterId{value='5e7a6186bcef6d3ce5b19aaa', description='null'}-srv-cluster0-tojxh.mongodb.net] org.mongodb.driver.cluster               : Adding discovered server cluster0-shard-00-02-tojxh.mongodb.net:27017 to client view of cluster
2020-03-24 16:37:44.096  INFO 8868 --- [cluster-ClusterId{value='5e7a6186bcef6d3ce5b19aaa', description='null'}-srv-cluster0-tojxh.mongodb.net] org.mongodb.driver.cluster               : Adding discovered server cluster0-shard-00-00-tojxh.mongodb.net:27017 to client view of cluster
2020-03-24 16:37:45.066  INFO 8868 --- [cluster-ClusterId{value='5e7a6186bcef6d3ce5b19aaa', description='null'}-cluster0-shard-00-00-tojxh.mongodb.net:27017] org.mongodb.driver.connection            : Opened connection [connectionId{localValue:6, serverValue:94913}] to cluster0-shard-00-00-tojxh.mongodb.net:27017
2020-03-24 16:37:45.107  INFO 8868 --- [cluster-ClusterId{value='5e7a6186bcef6d3ce5b19aaa', description='null'}-cluster0-shard-00-01-tojxh.mongodb.net:27017] org.mongodb.driver.connection            : Opened connection [connectionId{localValue:4, serverValue:92718}] to cluster0-shard-00-01-tojxh.mongodb.net:27017
2020-03-24 16:37:45.113  INFO 8868 --- [cluster-ClusterId{value='5e7a6186bcef6d3ce5b19aaa', description='null'}-cluster0-shard-00-02-tojxh.mongodb.net:27017] org.mongodb.driver.connection            : Opened connection [connectionId{localValue:5, serverValue:98184}] to cluster0-shard-00-02-tojxh.mongodb.net:27017
2020-03-24 16:37:45.239  INFO 8868 --- [cluster-ClusterId{value='5e7a6186bcef6d3ce5b19aaa', description='null'}-cluster0-shard-00-00-tojxh.mongodb.net:27017] org.mongodb.driver.cluster               : Monitor thread successfully connected to server with description ServerDescription{address=cluster0-shard-00-00-tojxh.mongodb.net:27017, type=REPLICA_SET_SECONDARY, state=CONNECTED, ok=true, version=ServerVersion{versionList=[4, 2, 3]}, minWireVersion=0, maxWireVersion=8, maxDocumentSize=16777216, logicalSessionTimeoutMinutes=30, roundTripTimeNanos=172820500, setName='Cluster0-shard-0', canonicalAddress=cluster0-shard-00-00-tojxh.mongodb.net:27017, hosts=[cluster0-shard-00-00-tojxh.mongodb.net:27017, cluster0-shard-00-01-tojxh.mongodb.net:27017, cluster0-shard-00-02-tojxh.mongodb.net:27017], passives=[], arbiters=[], primary='cluster0-shard-00-02-tojxh.mongodb.net:27017', tagSet=TagSet{[Tag{name='nodeType', value='ELECTABLE'}, Tag{name='provider', value='AWS'}, Tag{name='region', value='US_EAST_1'}]}, electionId=null, setVersion=2, lastWriteDate=Tue Mar 24 16:37:42 BRT 2020, lastUpdateTimeNanos=955274068941000}
2020-03-24 16:37:45.294  INFO 8868 --- [cluster-ClusterId{value='5e7a6186bcef6d3ce5b19aaa', description='null'}-cluster0-shard-00-01-tojxh.mongodb.net:27017] org.mongodb.driver.cluster               : Monitor thread successfully connected to server with description ServerDescription{address=cluster0-shard-00-01-tojxh.mongodb.net:27017, type=REPLICA_SET_SECONDARY, state=CONNECTED, ok=true, version=ServerVersion{versionList=[4, 2, 3]}, minWireVersion=0, maxWireVersion=8, maxDocumentSize=16777216, logicalSessionTimeoutMinutes=30, roundTripTimeNanos=186228100, setName='Cluster0-shard-0', canonicalAddress=cluster0-shard-00-01-tojxh.mongodb.net:27017, hosts=[cluster0-shard-00-00-tojxh.mongodb.net:27017, cluster0-shard-00-01-tojxh.mongodb.net:27017, cluster0-shard-00-02-tojxh.mongodb.net:27017], passives=[], arbiters=[], primary='cluster0-shard-00-02-tojxh.mongodb.net:27017', tagSet=TagSet{[Tag{name='nodeType', value='ELECTABLE'}, Tag{name='provider', value='AWS'}, Tag{name='region', value='US_EAST_1'}]}, electionId=null, setVersion=2, lastWriteDate=Tue Mar 24 16:37:42 BRT 2020, lastUpdateTimeNanos=955274123279300}
2020-03-24 16:37:45.301  INFO 8868 --- [cluster-ClusterId{value='5e7a6186bcef6d3ce5b19aaa', description='null'}-cluster0-shard-00-02-tojxh.mongodb.net:27017] org.mongodb.driver.cluster               : Monitor thread successfully connected to server with description ServerDescription{address=cluster0-shard-00-02-tojxh.mongodb.net:27017, type=REPLICA_SET_PRIMARY, state=CONNECTED, ok=true, version=ServerVersion{versionList=[4, 2, 3]}, minWireVersion=0, maxWireVersion=8, maxDocumentSize=16777216, logicalSessionTimeoutMinutes=30, roundTripTimeNanos=187282000, setName='Cluster0-shard-0', canonicalAddress=cluster0-shard-00-02-tojxh.mongodb.net:27017, hosts=[cluster0-shard-00-00-tojxh.mongodb.net:27017, cluster0-shard-00-01-tojxh.mongodb.net:27017, cluster0-shard-00-02-tojxh.mongodb.net:27017], passives=[], arbiters=[], primary='cluster0-shard-00-02-tojxh.mongodb.net:27017', tagSet=TagSet{[Tag{name='nodeType', value='ELECTABLE'}, Tag{name='provider', value='AWS'}, Tag{name='region', value='US_EAST_1'}]}, electionId=7fffffff0000000000000002, setVersion=2, lastWriteDate=Tue Mar 24 16:37:42 BRT 2020, lastUpdateTimeNanos=955274130432000}
2020-03-24 16:37:45.301  INFO 8868 --- [cluster-ClusterId{value='5e7a6186bcef6d3ce5b19aaa', description='null'}-cluster0-shard-00-02-tojxh.mongodb.net:27017] org.mongodb.driver.cluster               : Setting max election id to 7fffffff0000000000000002 from replica set primary cluster0-shard-00-02-tojxh.mongodb.net:27017
2020-03-24 16:37:45.301  INFO 8868 --- [cluster-ClusterId{value='5e7a6186bcef6d3ce5b19aaa', description='null'}-cluster0-shard-00-02-tojxh.mongodb.net:27017] org.mongodb.driver.cluster               : Setting max set version to 2 from replica set primary cluster0-shard-00-02-tojxh.mongodb.net:27017
2020-03-24 16:37:45.302  INFO 8868 --- [cluster-ClusterId{value='5e7a6186bcef6d3ce5b19aaa', description='null'}-cluster0-shard-00-02-tojxh.mongodb.net:27017] org.mongodb.driver.cluster               : Discovered replica set primary cluster0-shard-00-02-tojxh.mongodb.net:27017
2020-03-24 16:37:48.825  INFO 8868 --- [restartedMain] serviceone.ServiceOne                    : Enviando Xml 1
2020-03-24 16:37:54.861  INFO 8868 --- [restartedMain] serviceone.ServiceOne                    : Enviando Xml 2
2020-03-24 16:38:00.889  INFO 8868 --- [restartedMain] serviceone.ServiceOne                    : Enviando Xml 3
2020-03-24 16:38:06.899  INFO 8868 --- [restartedMain] serviceone.ServiceOne                    : Enviando Xml 4
2020-03-24 16:38:12.908  INFO 8868 --- [restartedMain] serviceone.ServiceOne                    : Enviando Xml 5
2020-03-24 16:38:18.918  INFO 8868 --- [restartedMain] serviceone.ServiceOne                    : Enviando Xml 6
2020-03-24 16:38:24.930  INFO 8868 --- [restartedMain] serviceone.ServiceOne                    : Enviando Xml 7
2020-03-24 16:38:30.939  INFO 8868 --- [restartedMain] serviceone.ServiceOne                    : Enviando Xml 8
2020-03-24 16:38:36.949  INFO 8868 --- [restartedMain] serviceone.ServiceOne                    : Enviando Xml 9
2020-03-24 16:38:42.966  INFO 8868 --- [restartedMain] serviceone.ServiceOne                    : Enviando Xml 10
2020-03-24 16:38:48.980  INFO 8868 --- [restartedMain] serviceone.ServiceOne                    : Enviando Xml 11
2020-03-24 16:38:54.988  INFO 8868 --- [restartedMain] serviceone.ServiceOne                    : Enviando Xml 12
2020-03-24 16:39:01.000  INFO 8868 --- [restartedMain] serviceone.ServiceOne                    : Enviando Xml 13
2020-03-24 16:39:07.019  INFO 8868 --- [restartedMain] serviceone.ServiceOne                    : Enviando Xml 14
2020-03-24 16:39:13.049  INFO 8868 --- [restartedMain] serviceone.ServiceOne                    : Enviando Xml 15
2020-03-24 16:39:19.077  INFO 8868 --- [restartedMain] serviceone.ServiceOne                    : Enviando Xml 16
2020-03-24 16:39:25.089  INFO 8868 --- [restartedMain] serviceone.ServiceOne                    : Enviando Xml 17
2020-03-24 16:39:31.098  INFO 8868 --- [restartedMain] serviceone.ServiceOne                    : Enviando Xml 18
2020-03-24 16:39:37.108  INFO 8868 --- [restartedMain] serviceone.ServiceOne                    : Enviando Xml 19
2020-03-24 16:39:43.120  INFO 8868 --- [restartedMain] serviceone.ServiceOne                    : Enviando Xml 20
2020-03-24 16:39:49.142  INFO 8868 --- [restartedMain] serviceone.ServiceOne                    : Enviando Xml 21
2020-03-24 16:39:55.158  INFO 8868 --- [restartedMain] serviceone.ServiceOne                    : Enviando Xml 22
2020-03-24 16:40:01.168  INFO 8868 --- [restartedMain] serviceone.ServiceOne                    : Enviando Xml 23
2020-03-24 16:40:07.188  INFO 8868 --- [restartedMain] serviceone.ServiceOne                    : Enviando Xml 24
2020-03-24 16:40:13.203  INFO 8868 --- [restartedMain] serviceone.ServiceOne                    : Enviando Xml 25
2020-03-24 16:40:19.214  INFO 8868 --- [restartedMain] serviceone.ServiceOne                    : Enviando Xml 26
2020-03-24 16:40:25.225  INFO 8868 --- [restartedMain] serviceone.ServiceOne                    : Enviando Xml 27
2020-03-24 16:40:31.253  INFO 8868 --- [restartedMain] serviceone.ServiceOne                    : Enviando Xml 28
2020-03-24 16:40:37.261  INFO 8868 --- [restartedMain] serviceone.ServiceOne                    : Enviando Xml 29
2020-03-24 16:40:43.270  INFO 8868 --- [restartedMain] serviceone.ServiceOne                    : Enviando Xml 30
2020-03-24 16:40:49.289  INFO 8868 --- [restartedMain] serviceone.ServiceOne                    : Enviando Xml 31
2020-03-24 16:40:55.298  INFO 8868 --- [restartedMain] serviceone.ServiceOne                    : Enviando Xml 32
2020-03-24 16:41:01.320  INFO 8868 --- [restartedMain] serviceone.ServiceOne                    : Enviando Xml 33
2020-03-24 16:41:07.333  INFO 8868 --- [restartedMain] serviceone.ServiceOne                    : Enviando Xml 34
2020-03-24 16:41:13.342  INFO 8868 --- [restartedMain] serviceone.ServiceOne                    : Enviando Xml 35
2020-03-24 16:41:19.369  INFO 8868 --- [restartedMain] serviceone.ServiceOne                    : Enviando Xml 36
2020-03-24 16:41:25.377  INFO 8868 --- [restartedMain] serviceone.ServiceOne                    : Enviando Xml 37
2020-03-24 16:41:31.386  INFO 8868 --- [restartedMain] serviceone.ServiceOne                    : Enviando Xml 38
2020-03-24 16:41:37.415  INFO 8868 --- [restartedMain] serviceone.ServiceOne                    : Enviando Xml 39
2020-03-24 16:41:43.427  INFO 8868 --- [restartedMain] serviceone.ServiceOne                    : Enviando Xml 40
2020-03-24 16:41:49.437  INFO 8868 --- [restartedMain] serviceone.ServiceOne                    : Enviando Xml 41
2020-03-24 16:41:55.445  INFO 8868 --- [restartedMain] serviceone.ServiceOne                    : Enviando Xml 42
2020-03-24 16:42:01.453  INFO 8868 --- [restartedMain] serviceone.ServiceOne                    : Enviando Xml 43
2020-03-24 16:42:07.463  INFO 8868 --- [restartedMain] serviceone.ServiceOne                    : Enviando Xml 44
2020-03-24 16:42:13.469  INFO 8868 --- [restartedMain] serviceone.ServiceOne                    : Enviando Xml 45
2020-03-24 16:42:19.493  INFO 8868 --- [restartedMain] serviceone.ServiceOne                    : Enviando Xml 46
2020-03-24 16:42:20.909  INFO 8868 --- [SpringContextShutdownHook] o.s.s.concurrent.ThreadPoolTaskExecutor  : Shutting down ExecutorService 'applicationTaskExecutor'
